DEBUG:filelock:Attempting to acquire lock 2090950389312 on C:\Users\gregk\AppData\Local\PyTensor\compiledir_Windows-11-10.0.26100-SP0-Intel64_Family_6_Model_140_Stepping_1_GenuineIntel-3.12.3-64\.lock
DEBUG:filelock:Lock 2090950389312 acquired on C:\Users\gregk\AppData\Local\PyTensor\compiledir_Windows-11-10.0.26100-SP0-Intel64_Family_6_Model_140_Stepping_1_GenuineIntel-3.12.3-64\.lock
DEBUG:filelock:Attempting to release lock 2090950389312 on C:\Users\gregk\AppData\Local\PyTensor\compiledir_Windows-11-10.0.26100-SP0-Intel64_Family_6_Model_140_Stepping_1_GenuineIntel-3.12.3-64\.lock
DEBUG:filelock:Lock 2090950389312 released on C:\Users\gregk\AppData\Local\PyTensor\compiledir_Windows-11-10.0.26100-SP0-Intel64_Family_6_Model_140_Stepping_1_GenuineIntel-3.12.3-64\.lock
DEBUG:filelock:Attempting to acquire lock 2090956993936 on C:\Users\gregk\AppData\Local\PyTensor\compiledir_Windows-11-10.0.26100-SP0-Intel64_Family_6_Model_140_Stepping_1_GenuineIntel-3.12.3-64\.lock
DEBUG:filelock:Lock 2090956993936 acquired on C:\Users\gregk\AppData\Local\PyTensor\compiledir_Windows-11-10.0.26100-SP0-Intel64_Family_6_Model_140_Stepping_1_GenuineIntel-3.12.3-64\.lock
DEBUG:filelock:Attempting to release lock 2090956993936 on C:\Users\gregk\AppData\Local\PyTensor\compiledir_Windows-11-10.0.26100-SP0-Intel64_Family_6_Model_140_Stepping_1_GenuineIntel-3.12.3-64\.lock
DEBUG:filelock:Lock 2090956993936 released on C:\Users\gregk\AppData\Local\PyTensor\compiledir_Windows-11-10.0.26100-SP0-Intel64_Family_6_Model_140_Stepping_1_GenuineIntel-3.12.3-64\.lock
DEBUG:filelock:Attempting to acquire lock 2090951466816 on C:\Users\gregk\AppData\Local\PyTensor\compiledir_Windows-11-10.0.26100-SP0-Intel64_Family_6_Model_140_Stepping_1_GenuineIntel-3.12.3-64\.lock
DEBUG:filelock:Lock 2090951466816 acquired on C:\Users\gregk\AppData\Local\PyTensor\compiledir_Windows-11-10.0.26100-SP0-Intel64_Family_6_Model_140_Stepping_1_GenuineIntel-3.12.3-64\.lock
DEBUG:filelock:Attempting to release lock 2090951466816 on C:\Users\gregk\AppData\Local\PyTensor\compiledir_Windows-11-10.0.26100-SP0-Intel64_Family_6_Model_140_Stepping_1_GenuineIntel-3.12.3-64\.lock
DEBUG:filelock:Lock 2090951466816 released on C:\Users\gregk\AppData\Local\PyTensor\compiledir_Windows-11-10.0.26100-SP0-Intel64_Family_6_Model_140_Stepping_1_GenuineIntel-3.12.3-64\.lock
DEBUG:filelock:Attempting to acquire lock 2090958751984 on C:\Users\gregk\AppData\Local\PyTensor\compiledir_Windows-11-10.0.26100-SP0-Intel64_Family_6_Model_140_Stepping_1_GenuineIntel-3.12.3-64\.lock
DEBUG:filelock:Lock 2090958751984 acquired on C:\Users\gregk\AppData\Local\PyTensor\compiledir_Windows-11-10.0.26100-SP0-Intel64_Family_6_Model_140_Stepping_1_GenuineIntel-3.12.3-64\.lock
DEBUG:filelock:Attempting to release lock 2090958751984 on C:\Users\gregk\AppData\Local\PyTensor\compiledir_Windows-11-10.0.26100-SP0-Intel64_Family_6_Model_140_Stepping_1_GenuineIntel-3.12.3-64\.lock
DEBUG:filelock:Lock 2090958751984 released on C:\Users\gregk\AppData\Local\PyTensor\compiledir_Windows-11-10.0.26100-SP0-Intel64_Family_6_Model_140_Stepping_1_GenuineIntel-3.12.3-64\.lock
DEBUG:filelock:Attempting to acquire lock 2090951827888 on C:\Users\gregk\AppData\Local\PyTensor\compiledir_Windows-11-10.0.26100-SP0-Intel64_Family_6_Model_140_Stepping_1_GenuineIntel-3.12.3-64\.lock
DEBUG:filelock:Lock 2090951827888 acquired on C:\Users\gregk\AppData\Local\PyTensor\compiledir_Windows-11-10.0.26100-SP0-Intel64_Family_6_Model_140_Stepping_1_GenuineIntel-3.12.3-64\.lock
DEBUG:filelock:Attempting to release lock 2090951827888 on C:\Users\gregk\AppData\Local\PyTensor\compiledir_Windows-11-10.0.26100-SP0-Intel64_Family_6_Model_140_Stepping_1_GenuineIntel-3.12.3-64\.lock
DEBUG:filelock:Lock 2090951827888 released on C:\Users\gregk\AppData\Local\PyTensor\compiledir_Windows-11-10.0.26100-SP0-Intel64_Family_6_Model_140_Stepping_1_GenuineIntel-3.12.3-64\.lock
DEBUG:filelock:Attempting to acquire lock 2090951832976 on C:\Users\gregk\AppData\Local\PyTensor\compiledir_Windows-11-10.0.26100-SP0-Intel64_Family_6_Model_140_Stepping_1_GenuineIntel-3.12.3-64\.lock
DEBUG:filelock:Lock 2090951832976 acquired on C:\Users\gregk\AppData\Local\PyTensor\compiledir_Windows-11-10.0.26100-SP0-Intel64_Family_6_Model_140_Stepping_1_GenuineIntel-3.12.3-64\.lock
DEBUG:filelock:Attempting to release lock 2090951832976 on C:\Users\gregk\AppData\Local\PyTensor\compiledir_Windows-11-10.0.26100-SP0-Intel64_Family_6_Model_140_Stepping_1_GenuineIntel-3.12.3-64\.lock
DEBUG:filelock:Lock 2090951832976 released on C:\Users\gregk\AppData\Local\PyTensor\compiledir_Windows-11-10.0.26100-SP0-Intel64_Family_6_Model_140_Stepping_1_GenuineIntel-3.12.3-64\.lock
DEBUG:filelock:Attempting to acquire lock 2090961995440 on C:\Users\gregk\AppData\Local\PyTensor\compiledir_Windows-11-10.0.26100-SP0-Intel64_Family_6_Model_140_Stepping_1_GenuineIntel-3.12.3-64\.lock
DEBUG:filelock:Lock 2090961995440 acquired on C:\Users\gregk\AppData\Local\PyTensor\compiledir_Windows-11-10.0.26100-SP0-Intel64_Family_6_Model_140_Stepping_1_GenuineIntel-3.12.3-64\.lock
DEBUG:filelock:Attempting to release lock 2090961995440 on C:\Users\gregk\AppData\Local\PyTensor\compiledir_Windows-11-10.0.26100-SP0-Intel64_Family_6_Model_140_Stepping_1_GenuineIntel-3.12.3-64\.lock
DEBUG:filelock:Lock 2090961995440 released on C:\Users\gregk\AppData\Local\PyTensor\compiledir_Windows-11-10.0.26100-SP0-Intel64_Family_6_Model_140_Stepping_1_GenuineIntel-3.12.3-64\.lock
DEBUG:filelock:Attempting to acquire lock 2090962007488 on C:\Users\gregk\AppData\Local\PyTensor\compiledir_Windows-11-10.0.26100-SP0-Intel64_Family_6_Model_140_Stepping_1_GenuineIntel-3.12.3-64\.lock
DEBUG:filelock:Lock 2090962007488 acquired on C:\Users\gregk\AppData\Local\PyTensor\compiledir_Windows-11-10.0.26100-SP0-Intel64_Family_6_Model_140_Stepping_1_GenuineIntel-3.12.3-64\.lock
DEBUG:filelock:Attempting to release lock 2090962007488 on C:\Users\gregk\AppData\Local\PyTensor\compiledir_Windows-11-10.0.26100-SP0-Intel64_Family_6_Model_140_Stepping_1_GenuineIntel-3.12.3-64\.lock
DEBUG:filelock:Lock 2090962007488 released on C:\Users\gregk\AppData\Local\PyTensor\compiledir_Windows-11-10.0.26100-SP0-Intel64_Family_6_Model_140_Stepping_1_GenuineIntel-3.12.3-64\.lock
DEBUG:filelock:Attempting to acquire lock 2090962097920 on C:\Users\gregk\AppData\Local\PyTensor\compiledir_Windows-11-10.0.26100-SP0-Intel64_Family_6_Model_140_Stepping_1_GenuineIntel-3.12.3-64\.lock
DEBUG:filelock:Lock 2090962097920 acquired on C:\Users\gregk\AppData\Local\PyTensor\compiledir_Windows-11-10.0.26100-SP0-Intel64_Family_6_Model_140_Stepping_1_GenuineIntel-3.12.3-64\.lock
DEBUG:filelock:Attempting to release lock 2090962097920 on C:\Users\gregk\AppData\Local\PyTensor\compiledir_Windows-11-10.0.26100-SP0-Intel64_Family_6_Model_140_Stepping_1_GenuineIntel-3.12.3-64\.lock
DEBUG:filelock:Lock 2090962097920 released on C:\Users\gregk\AppData\Local\PyTensor\compiledir_Windows-11-10.0.26100-SP0-Intel64_Family_6_Model_140_Stepping_1_GenuineIntel-3.12.3-64\.lock
DEBUG:filelock:Attempting to acquire lock 2090961997168 on C:\Users\gregk\AppData\Local\PyTensor\compiledir_Windows-11-10.0.26100-SP0-Intel64_Family_6_Model_140_Stepping_1_GenuineIntel-3.12.3-64\.lock
DEBUG:filelock:Lock 2090961997168 acquired on C:\Users\gregk\AppData\Local\PyTensor\compiledir_Windows-11-10.0.26100-SP0-Intel64_Family_6_Model_140_Stepping_1_GenuineIntel-3.12.3-64\.lock
DEBUG:filelock:Attempting to release lock 2090961997168 on C:\Users\gregk\AppData\Local\PyTensor\compiledir_Windows-11-10.0.26100-SP0-Intel64_Family_6_Model_140_Stepping_1_GenuineIntel-3.12.3-64\.lock
DEBUG:filelock:Lock 2090961997168 released on C:\Users\gregk\AppData\Local\PyTensor\compiledir_Windows-11-10.0.26100-SP0-Intel64_Family_6_Model_140_Stepping_1_GenuineIntel-3.12.3-64\.lock
DEBUG:filelock:Attempting to acquire lock 2090961912896 on C:\Users\gregk\AppData\Local\PyTensor\compiledir_Windows-11-10.0.26100-SP0-Intel64_Family_6_Model_140_Stepping_1_GenuineIntel-3.12.3-64\.lock
DEBUG:filelock:Lock 2090961912896 acquired on C:\Users\gregk\AppData\Local\PyTensor\compiledir_Windows-11-10.0.26100-SP0-Intel64_Family_6_Model_140_Stepping_1_GenuineIntel-3.12.3-64\.lock
DEBUG:filelock:Attempting to release lock 2090961912896 on C:\Users\gregk\AppData\Local\PyTensor\compiledir_Windows-11-10.0.26100-SP0-Intel64_Family_6_Model_140_Stepping_1_GenuineIntel-3.12.3-64\.lock
DEBUG:filelock:Lock 2090961912896 released on C:\Users\gregk\AppData\Local\PyTensor\compiledir_Windows-11-10.0.26100-SP0-Intel64_Family_6_Model_140_Stepping_1_GenuineIntel-3.12.3-64\.lock
DEBUG:filelock:Attempting to acquire lock 2090962182048 on C:\Users\gregk\AppData\Local\PyTensor\compiledir_Windows-11-10.0.26100-SP0-Intel64_Family_6_Model_140_Stepping_1_GenuineIntel-3.12.3-64\.lock
DEBUG:filelock:Lock 2090962182048 acquired on C:\Users\gregk\AppData\Local\PyTensor\compiledir_Windows-11-10.0.26100-SP0-Intel64_Family_6_Model_140_Stepping_1_GenuineIntel-3.12.3-64\.lock
DEBUG:filelock:Attempting to release lock 2090962182048 on C:\Users\gregk\AppData\Local\PyTensor\compiledir_Windows-11-10.0.26100-SP0-Intel64_Family_6_Model_140_Stepping_1_GenuineIntel-3.12.3-64\.lock
DEBUG:filelock:Lock 2090962182048 released on C:\Users\gregk\AppData\Local\PyTensor\compiledir_Windows-11-10.0.26100-SP0-Intel64_Family_6_Model_140_Stepping_1_GenuineIntel-3.12.3-64\.lock
DEBUG:filelock:Attempting to acquire lock 2090961917792 on C:\Users\gregk\AppData\Local\PyTensor\compiledir_Windows-11-10.0.26100-SP0-Intel64_Family_6_Model_140_Stepping_1_GenuineIntel-3.12.3-64\.lock
DEBUG:filelock:Lock 2090961917792 acquired on C:\Users\gregk\AppData\Local\PyTensor\compiledir_Windows-11-10.0.26100-SP0-Intel64_Family_6_Model_140_Stepping_1_GenuineIntel-3.12.3-64\.lock
DEBUG:filelock:Attempting to release lock 2090961917792 on C:\Users\gregk\AppData\Local\PyTensor\compiledir_Windows-11-10.0.26100-SP0-Intel64_Family_6_Model_140_Stepping_1_GenuineIntel-3.12.3-64\.lock
DEBUG:filelock:Lock 2090961917792 released on C:\Users\gregk\AppData\Local\PyTensor\compiledir_Windows-11-10.0.26100-SP0-Intel64_Family_6_Model_140_Stepping_1_GenuineIntel-3.12.3-64\.lock
DEBUG:filelock:Attempting to acquire lock 2090962205392 on C:\Users\gregk\AppData\Local\PyTensor\compiledir_Windows-11-10.0.26100-SP0-Intel64_Family_6_Model_140_Stepping_1_GenuineIntel-3.12.3-64\.lock
DEBUG:filelock:Lock 2090962205392 acquired on C:\Users\gregk\AppData\Local\PyTensor\compiledir_Windows-11-10.0.26100-SP0-Intel64_Family_6_Model_140_Stepping_1_GenuineIntel-3.12.3-64\.lock
DEBUG:filelock:Attempting to release lock 2090962205392 on C:\Users\gregk\AppData\Local\PyTensor\compiledir_Windows-11-10.0.26100-SP0-Intel64_Family_6_Model_140_Stepping_1_GenuineIntel-3.12.3-64\.lock
DEBUG:filelock:Lock 2090962205392 released on C:\Users\gregk\AppData\Local\PyTensor\compiledir_Windows-11-10.0.26100-SP0-Intel64_Family_6_Model_140_Stepping_1_GenuineIntel-3.12.3-64\.lock
DEBUG:filelock:Attempting to acquire lock 2090962469472 on C:\Users\gregk\AppData\Local\PyTensor\compiledir_Windows-11-10.0.26100-SP0-Intel64_Family_6_Model_140_Stepping_1_GenuineIntel-3.12.3-64\.lock
DEBUG:filelock:Lock 2090962469472 acquired on C:\Users\gregk\AppData\Local\PyTensor\compiledir_Windows-11-10.0.26100-SP0-Intel64_Family_6_Model_140_Stepping_1_GenuineIntel-3.12.3-64\.lock
DEBUG:filelock:Attempting to release lock 2090962469472 on C:\Users\gregk\AppData\Local\PyTensor\compiledir_Windows-11-10.0.26100-SP0-Intel64_Family_6_Model_140_Stepping_1_GenuineIntel-3.12.3-64\.lock
DEBUG:filelock:Lock 2090962469472 released on C:\Users\gregk\AppData\Local\PyTensor\compiledir_Windows-11-10.0.26100-SP0-Intel64_Family_6_Model_140_Stepping_1_GenuineIntel-3.12.3-64\.lock
INFO:pymc.sampling.forward:Sampling: [l_gamma_d, likelihood]
INFO:pymc.smc.sampling:Initializing SMC sampler...
INFO:pymc.smc.sampling:Sampling 4 chains in 4 jobs
