DEBUG:filelock:Attempting to acquire lock 2281096124880 on C:\Users\gregk\AppData\Local\PyTensor\compiledir_Windows-11-10.0.26100-SP0-Intel64_Family_6_Model_140_Stepping_1_GenuineIntel-3.12.3-64\.lock
DEBUG:filelock:Lock 2281096124880 acquired on C:\Users\gregk\AppData\Local\PyTensor\compiledir_Windows-11-10.0.26100-SP0-Intel64_Family_6_Model_140_Stepping_1_GenuineIntel-3.12.3-64\.lock
DEBUG:filelock:Attempting to release lock 2281096124880 on C:\Users\gregk\AppData\Local\PyTensor\compiledir_Windows-11-10.0.26100-SP0-Intel64_Family_6_Model_140_Stepping_1_GenuineIntel-3.12.3-64\.lock
DEBUG:filelock:Lock 2281096124880 released on C:\Users\gregk\AppData\Local\PyTensor\compiledir_Windows-11-10.0.26100-SP0-Intel64_Family_6_Model_140_Stepping_1_GenuineIntel-3.12.3-64\.lock
DEBUG:filelock:Attempting to acquire lock 2281100703120 on C:\Users\gregk\AppData\Local\PyTensor\compiledir_Windows-11-10.0.26100-SP0-Intel64_Family_6_Model_140_Stepping_1_GenuineIntel-3.12.3-64\.lock
DEBUG:filelock:Lock 2281100703120 acquired on C:\Users\gregk\AppData\Local\PyTensor\compiledir_Windows-11-10.0.26100-SP0-Intel64_Family_6_Model_140_Stepping_1_GenuineIntel-3.12.3-64\.lock
DEBUG:filelock:Attempting to release lock 2281100703120 on C:\Users\gregk\AppData\Local\PyTensor\compiledir_Windows-11-10.0.26100-SP0-Intel64_Family_6_Model_140_Stepping_1_GenuineIntel-3.12.3-64\.lock
DEBUG:filelock:Lock 2281100703120 released on C:\Users\gregk\AppData\Local\PyTensor\compiledir_Windows-11-10.0.26100-SP0-Intel64_Family_6_Model_140_Stepping_1_GenuineIntel-3.12.3-64\.lock
DEBUG:filelock:Attempting to acquire lock 2281100612272 on C:\Users\gregk\AppData\Local\PyTensor\compiledir_Windows-11-10.0.26100-SP0-Intel64_Family_6_Model_140_Stepping_1_GenuineIntel-3.12.3-64\.lock
DEBUG:filelock:Lock 2281100612272 acquired on C:\Users\gregk\AppData\Local\PyTensor\compiledir_Windows-11-10.0.26100-SP0-Intel64_Family_6_Model_140_Stepping_1_GenuineIntel-3.12.3-64\.lock
DEBUG:filelock:Attempting to release lock 2281100612272 on C:\Users\gregk\AppData\Local\PyTensor\compiledir_Windows-11-10.0.26100-SP0-Intel64_Family_6_Model_140_Stepping_1_GenuineIntel-3.12.3-64\.lock
DEBUG:filelock:Lock 2281100612272 released on C:\Users\gregk\AppData\Local\PyTensor\compiledir_Windows-11-10.0.26100-SP0-Intel64_Family_6_Model_140_Stepping_1_GenuineIntel-3.12.3-64\.lock
DEBUG:filelock:Attempting to acquire lock 2281100527664 on C:\Users\gregk\AppData\Local\PyTensor\compiledir_Windows-11-10.0.26100-SP0-Intel64_Family_6_Model_140_Stepping_1_GenuineIntel-3.12.3-64\.lock
DEBUG:filelock:Lock 2281100527664 acquired on C:\Users\gregk\AppData\Local\PyTensor\compiledir_Windows-11-10.0.26100-SP0-Intel64_Family_6_Model_140_Stepping_1_GenuineIntel-3.12.3-64\.lock
DEBUG:filelock:Attempting to release lock 2281100527664 on C:\Users\gregk\AppData\Local\PyTensor\compiledir_Windows-11-10.0.26100-SP0-Intel64_Family_6_Model_140_Stepping_1_GenuineIntel-3.12.3-64\.lock
DEBUG:filelock:Lock 2281100527664 released on C:\Users\gregk\AppData\Local\PyTensor\compiledir_Windows-11-10.0.26100-SP0-Intel64_Family_6_Model_140_Stepping_1_GenuineIntel-3.12.3-64\.lock
DEBUG:filelock:Attempting to acquire lock 2281100476592 on C:\Users\gregk\AppData\Local\PyTensor\compiledir_Windows-11-10.0.26100-SP0-Intel64_Family_6_Model_140_Stepping_1_GenuineIntel-3.12.3-64\.lock
DEBUG:filelock:Lock 2281100476592 acquired on C:\Users\gregk\AppData\Local\PyTensor\compiledir_Windows-11-10.0.26100-SP0-Intel64_Family_6_Model_140_Stepping_1_GenuineIntel-3.12.3-64\.lock
DEBUG:filelock:Attempting to release lock 2281100476592 on C:\Users\gregk\AppData\Local\PyTensor\compiledir_Windows-11-10.0.26100-SP0-Intel64_Family_6_Model_140_Stepping_1_GenuineIntel-3.12.3-64\.lock
DEBUG:filelock:Lock 2281100476592 released on C:\Users\gregk\AppData\Local\PyTensor\compiledir_Windows-11-10.0.26100-SP0-Intel64_Family_6_Model_140_Stepping_1_GenuineIntel-3.12.3-64\.lock
DEBUG:filelock:Attempting to acquire lock 2281100487824 on C:\Users\gregk\AppData\Local\PyTensor\compiledir_Windows-11-10.0.26100-SP0-Intel64_Family_6_Model_140_Stepping_1_GenuineIntel-3.12.3-64\.lock
DEBUG:filelock:Lock 2281100487824 acquired on C:\Users\gregk\AppData\Local\PyTensor\compiledir_Windows-11-10.0.26100-SP0-Intel64_Family_6_Model_140_Stepping_1_GenuineIntel-3.12.3-64\.lock
DEBUG:filelock:Attempting to release lock 2281100487824 on C:\Users\gregk\AppData\Local\PyTensor\compiledir_Windows-11-10.0.26100-SP0-Intel64_Family_6_Model_140_Stepping_1_GenuineIntel-3.12.3-64\.lock
DEBUG:filelock:Lock 2281100487824 released on C:\Users\gregk\AppData\Local\PyTensor\compiledir_Windows-11-10.0.26100-SP0-Intel64_Family_6_Model_140_Stepping_1_GenuineIntel-3.12.3-64\.lock
DEBUG:filelock:Attempting to acquire lock 2281100481200 on C:\Users\gregk\AppData\Local\PyTensor\compiledir_Windows-11-10.0.26100-SP0-Intel64_Family_6_Model_140_Stepping_1_GenuineIntel-3.12.3-64\.lock
DEBUG:filelock:Lock 2281100481200 acquired on C:\Users\gregk\AppData\Local\PyTensor\compiledir_Windows-11-10.0.26100-SP0-Intel64_Family_6_Model_140_Stepping_1_GenuineIntel-3.12.3-64\.lock
DEBUG:filelock:Attempting to release lock 2281100481200 on C:\Users\gregk\AppData\Local\PyTensor\compiledir_Windows-11-10.0.26100-SP0-Intel64_Family_6_Model_140_Stepping_1_GenuineIntel-3.12.3-64\.lock
DEBUG:filelock:Lock 2281100481200 released on C:\Users\gregk\AppData\Local\PyTensor\compiledir_Windows-11-10.0.26100-SP0-Intel64_Family_6_Model_140_Stepping_1_GenuineIntel-3.12.3-64\.lock
DEBUG:filelock:Attempting to acquire lock 2281099657344 on C:\Users\gregk\AppData\Local\PyTensor\compiledir_Windows-11-10.0.26100-SP0-Intel64_Family_6_Model_140_Stepping_1_GenuineIntel-3.12.3-64\.lock
DEBUG:filelock:Lock 2281099657344 acquired on C:\Users\gregk\AppData\Local\PyTensor\compiledir_Windows-11-10.0.26100-SP0-Intel64_Family_6_Model_140_Stepping_1_GenuineIntel-3.12.3-64\.lock
DEBUG:filelock:Attempting to release lock 2281099657344 on C:\Users\gregk\AppData\Local\PyTensor\compiledir_Windows-11-10.0.26100-SP0-Intel64_Family_6_Model_140_Stepping_1_GenuineIntel-3.12.3-64\.lock
DEBUG:filelock:Lock 2281099657344 released on C:\Users\gregk\AppData\Local\PyTensor\compiledir_Windows-11-10.0.26100-SP0-Intel64_Family_6_Model_140_Stepping_1_GenuineIntel-3.12.3-64\.lock
DEBUG:filelock:Attempting to acquire lock 2281100390576 on C:\Users\gregk\AppData\Local\PyTensor\compiledir_Windows-11-10.0.26100-SP0-Intel64_Family_6_Model_140_Stepping_1_GenuineIntel-3.12.3-64\.lock
DEBUG:filelock:Lock 2281100390576 acquired on C:\Users\gregk\AppData\Local\PyTensor\compiledir_Windows-11-10.0.26100-SP0-Intel64_Family_6_Model_140_Stepping_1_GenuineIntel-3.12.3-64\.lock
DEBUG:filelock:Attempting to release lock 2281100390576 on C:\Users\gregk\AppData\Local\PyTensor\compiledir_Windows-11-10.0.26100-SP0-Intel64_Family_6_Model_140_Stepping_1_GenuineIntel-3.12.3-64\.lock
DEBUG:filelock:Lock 2281100390576 released on C:\Users\gregk\AppData\Local\PyTensor\compiledir_Windows-11-10.0.26100-SP0-Intel64_Family_6_Model_140_Stepping_1_GenuineIntel-3.12.3-64\.lock
DEBUG:filelock:Attempting to acquire lock 2281100332448 on C:\Users\gregk\AppData\Local\PyTensor\compiledir_Windows-11-10.0.26100-SP0-Intel64_Family_6_Model_140_Stepping_1_GenuineIntel-3.12.3-64\.lock
DEBUG:filelock:Lock 2281100332448 acquired on C:\Users\gregk\AppData\Local\PyTensor\compiledir_Windows-11-10.0.26100-SP0-Intel64_Family_6_Model_140_Stepping_1_GenuineIntel-3.12.3-64\.lock
DEBUG:filelock:Attempting to release lock 2281100332448 on C:\Users\gregk\AppData\Local\PyTensor\compiledir_Windows-11-10.0.26100-SP0-Intel64_Family_6_Model_140_Stepping_1_GenuineIntel-3.12.3-64\.lock
DEBUG:filelock:Lock 2281100332448 released on C:\Users\gregk\AppData\Local\PyTensor\compiledir_Windows-11-10.0.26100-SP0-Intel64_Family_6_Model_140_Stepping_1_GenuineIntel-3.12.3-64\.lock
DEBUG:filelock:Attempting to acquire lock 2281100345120 on C:\Users\gregk\AppData\Local\PyTensor\compiledir_Windows-11-10.0.26100-SP0-Intel64_Family_6_Model_140_Stepping_1_GenuineIntel-3.12.3-64\.lock
DEBUG:filelock:Lock 2281100345120 acquired on C:\Users\gregk\AppData\Local\PyTensor\compiledir_Windows-11-10.0.26100-SP0-Intel64_Family_6_Model_140_Stepping_1_GenuineIntel-3.12.3-64\.lock
DEBUG:filelock:Attempting to release lock 2281100345120 on C:\Users\gregk\AppData\Local\PyTensor\compiledir_Windows-11-10.0.26100-SP0-Intel64_Family_6_Model_140_Stepping_1_GenuineIntel-3.12.3-64\.lock
DEBUG:filelock:Lock 2281100345120 released on C:\Users\gregk\AppData\Local\PyTensor\compiledir_Windows-11-10.0.26100-SP0-Intel64_Family_6_Model_140_Stepping_1_GenuineIntel-3.12.3-64\.lock
DEBUG:filelock:Attempting to acquire lock 2281100384624 on C:\Users\gregk\AppData\Local\PyTensor\compiledir_Windows-11-10.0.26100-SP0-Intel64_Family_6_Model_140_Stepping_1_GenuineIntel-3.12.3-64\.lock
DEBUG:filelock:Lock 2281100384624 acquired on C:\Users\gregk\AppData\Local\PyTensor\compiledir_Windows-11-10.0.26100-SP0-Intel64_Family_6_Model_140_Stepping_1_GenuineIntel-3.12.3-64\.lock
DEBUG:filelock:Attempting to release lock 2281100384624 on C:\Users\gregk\AppData\Local\PyTensor\compiledir_Windows-11-10.0.26100-SP0-Intel64_Family_6_Model_140_Stepping_1_GenuineIntel-3.12.3-64\.lock
DEBUG:filelock:Lock 2281100384624 released on C:\Users\gregk\AppData\Local\PyTensor\compiledir_Windows-11-10.0.26100-SP0-Intel64_Family_6_Model_140_Stepping_1_GenuineIntel-3.12.3-64\.lock
DEBUG:filelock:Attempting to acquire lock 2281100788128 on C:\Users\gregk\AppData\Local\PyTensor\compiledir_Windows-11-10.0.26100-SP0-Intel64_Family_6_Model_140_Stepping_1_GenuineIntel-3.12.3-64\.lock
DEBUG:filelock:Lock 2281100788128 acquired on C:\Users\gregk\AppData\Local\PyTensor\compiledir_Windows-11-10.0.26100-SP0-Intel64_Family_6_Model_140_Stepping_1_GenuineIntel-3.12.3-64\.lock
DEBUG:filelock:Attempting to release lock 2281100788128 on C:\Users\gregk\AppData\Local\PyTensor\compiledir_Windows-11-10.0.26100-SP0-Intel64_Family_6_Model_140_Stepping_1_GenuineIntel-3.12.3-64\.lock
DEBUG:filelock:Lock 2281100788128 released on C:\Users\gregk\AppData\Local\PyTensor\compiledir_Windows-11-10.0.26100-SP0-Intel64_Family_6_Model_140_Stepping_1_GenuineIntel-3.12.3-64\.lock
DEBUG:filelock:Attempting to acquire lock 2281100790432 on C:\Users\gregk\AppData\Local\PyTensor\compiledir_Windows-11-10.0.26100-SP0-Intel64_Family_6_Model_140_Stepping_1_GenuineIntel-3.12.3-64\.lock
DEBUG:filelock:Lock 2281100790432 acquired on C:\Users\gregk\AppData\Local\PyTensor\compiledir_Windows-11-10.0.26100-SP0-Intel64_Family_6_Model_140_Stepping_1_GenuineIntel-3.12.3-64\.lock
DEBUG:filelock:Attempting to release lock 2281100790432 on C:\Users\gregk\AppData\Local\PyTensor\compiledir_Windows-11-10.0.26100-SP0-Intel64_Family_6_Model_140_Stepping_1_GenuineIntel-3.12.3-64\.lock
DEBUG:filelock:Lock 2281100790432 released on C:\Users\gregk\AppData\Local\PyTensor\compiledir_Windows-11-10.0.26100-SP0-Intel64_Family_6_Model_140_Stepping_1_GenuineIntel-3.12.3-64\.lock
DEBUG:filelock:Attempting to acquire lock 2281100389040 on C:\Users\gregk\AppData\Local\PyTensor\compiledir_Windows-11-10.0.26100-SP0-Intel64_Family_6_Model_140_Stepping_1_GenuineIntel-3.12.3-64\.lock
DEBUG:filelock:Lock 2281100389040 acquired on C:\Users\gregk\AppData\Local\PyTensor\compiledir_Windows-11-10.0.26100-SP0-Intel64_Family_6_Model_140_Stepping_1_GenuineIntel-3.12.3-64\.lock
DEBUG:filelock:Attempting to release lock 2281100389040 on C:\Users\gregk\AppData\Local\PyTensor\compiledir_Windows-11-10.0.26100-SP0-Intel64_Family_6_Model_140_Stepping_1_GenuineIntel-3.12.3-64\.lock
DEBUG:filelock:Lock 2281100389040 released on C:\Users\gregk\AppData\Local\PyTensor\compiledir_Windows-11-10.0.26100-SP0-Intel64_Family_6_Model_140_Stepping_1_GenuineIntel-3.12.3-64\.lock
DEBUG:filelock:Attempting to acquire lock 2281101038448 on C:\Users\gregk\AppData\Local\PyTensor\compiledir_Windows-11-10.0.26100-SP0-Intel64_Family_6_Model_140_Stepping_1_GenuineIntel-3.12.3-64\.lock
DEBUG:filelock:Lock 2281101038448 acquired on C:\Users\gregk\AppData\Local\PyTensor\compiledir_Windows-11-10.0.26100-SP0-Intel64_Family_6_Model_140_Stepping_1_GenuineIntel-3.12.3-64\.lock
DEBUG:filelock:Attempting to release lock 2281101038448 on C:\Users\gregk\AppData\Local\PyTensor\compiledir_Windows-11-10.0.26100-SP0-Intel64_Family_6_Model_140_Stepping_1_GenuineIntel-3.12.3-64\.lock
DEBUG:filelock:Lock 2281101038448 released on C:\Users\gregk\AppData\Local\PyTensor\compiledir_Windows-11-10.0.26100-SP0-Intel64_Family_6_Model_140_Stepping_1_GenuineIntel-3.12.3-64\.lock
DEBUG:filelock:Attempting to acquire lock 2281101044928 on C:\Users\gregk\AppData\Local\PyTensor\compiledir_Windows-11-10.0.26100-SP0-Intel64_Family_6_Model_140_Stepping_1_GenuineIntel-3.12.3-64\.lock
DEBUG:filelock:Lock 2281101044928 acquired on C:\Users\gregk\AppData\Local\PyTensor\compiledir_Windows-11-10.0.26100-SP0-Intel64_Family_6_Model_140_Stepping_1_GenuineIntel-3.12.3-64\.lock
DEBUG:filelock:Attempting to release lock 2281101044928 on C:\Users\gregk\AppData\Local\PyTensor\compiledir_Windows-11-10.0.26100-SP0-Intel64_Family_6_Model_140_Stepping_1_GenuineIntel-3.12.3-64\.lock
DEBUG:filelock:Lock 2281101044928 released on C:\Users\gregk\AppData\Local\PyTensor\compiledir_Windows-11-10.0.26100-SP0-Intel64_Family_6_Model_140_Stepping_1_GenuineIntel-3.12.3-64\.lock
DEBUG:filelock:Attempting to acquire lock 2281101049536 on C:\Users\gregk\AppData\Local\PyTensor\compiledir_Windows-11-10.0.26100-SP0-Intel64_Family_6_Model_140_Stepping_1_GenuineIntel-3.12.3-64\.lock
DEBUG:filelock:Lock 2281101049536 acquired on C:\Users\gregk\AppData\Local\PyTensor\compiledir_Windows-11-10.0.26100-SP0-Intel64_Family_6_Model_140_Stepping_1_GenuineIntel-3.12.3-64\.lock
DEBUG:filelock:Attempting to release lock 2281101049536 on C:\Users\gregk\AppData\Local\PyTensor\compiledir_Windows-11-10.0.26100-SP0-Intel64_Family_6_Model_140_Stepping_1_GenuineIntel-3.12.3-64\.lock
DEBUG:filelock:Lock 2281101049536 released on C:\Users\gregk\AppData\Local\PyTensor\compiledir_Windows-11-10.0.26100-SP0-Intel64_Family_6_Model_140_Stepping_1_GenuineIntel-3.12.3-64\.lock
DEBUG:filelock:Attempting to acquire lock 2281101042624 on C:\Users\gregk\AppData\Local\PyTensor\compiledir_Windows-11-10.0.26100-SP0-Intel64_Family_6_Model_140_Stepping_1_GenuineIntel-3.12.3-64\.lock
DEBUG:filelock:Lock 2281101042624 acquired on C:\Users\gregk\AppData\Local\PyTensor\compiledir_Windows-11-10.0.26100-SP0-Intel64_Family_6_Model_140_Stepping_1_GenuineIntel-3.12.3-64\.lock
DEBUG:filelock:Attempting to release lock 2281101042624 on C:\Users\gregk\AppData\Local\PyTensor\compiledir_Windows-11-10.0.26100-SP0-Intel64_Family_6_Model_140_Stepping_1_GenuineIntel-3.12.3-64\.lock
DEBUG:filelock:Lock 2281101042624 released on C:\Users\gregk\AppData\Local\PyTensor\compiledir_Windows-11-10.0.26100-SP0-Intel64_Family_6_Model_140_Stepping_1_GenuineIntel-3.12.3-64\.lock
DEBUG:filelock:Attempting to acquire lock 2281101045552 on C:\Users\gregk\AppData\Local\PyTensor\compiledir_Windows-11-10.0.26100-SP0-Intel64_Family_6_Model_140_Stepping_1_GenuineIntel-3.12.3-64\.lock
DEBUG:filelock:Lock 2281101045552 acquired on C:\Users\gregk\AppData\Local\PyTensor\compiledir_Windows-11-10.0.26100-SP0-Intel64_Family_6_Model_140_Stepping_1_GenuineIntel-3.12.3-64\.lock
DEBUG:filelock:Attempting to release lock 2281101045552 on C:\Users\gregk\AppData\Local\PyTensor\compiledir_Windows-11-10.0.26100-SP0-Intel64_Family_6_Model_140_Stepping_1_GenuineIntel-3.12.3-64\.lock
DEBUG:filelock:Lock 2281101045552 released on C:\Users\gregk\AppData\Local\PyTensor\compiledir_Windows-11-10.0.26100-SP0-Intel64_Family_6_Model_140_Stepping_1_GenuineIntel-3.12.3-64\.lock
DEBUG:filelock:Attempting to acquire lock 2281101045744 on C:\Users\gregk\AppData\Local\PyTensor\compiledir_Windows-11-10.0.26100-SP0-Intel64_Family_6_Model_140_Stepping_1_GenuineIntel-3.12.3-64\.lock
DEBUG:filelock:Lock 2281101045744 acquired on C:\Users\gregk\AppData\Local\PyTensor\compiledir_Windows-11-10.0.26100-SP0-Intel64_Family_6_Model_140_Stepping_1_GenuineIntel-3.12.3-64\.lock
DEBUG:filelock:Attempting to release lock 2281101045744 on C:\Users\gregk\AppData\Local\PyTensor\compiledir_Windows-11-10.0.26100-SP0-Intel64_Family_6_Model_140_Stepping_1_GenuineIntel-3.12.3-64\.lock
DEBUG:filelock:Lock 2281101045744 released on C:\Users\gregk\AppData\Local\PyTensor\compiledir_Windows-11-10.0.26100-SP0-Intel64_Family_6_Model_140_Stepping_1_GenuineIntel-3.12.3-64\.lock
DEBUG:filelock:Attempting to acquire lock 2281101041376 on C:\Users\gregk\AppData\Local\PyTensor\compiledir_Windows-11-10.0.26100-SP0-Intel64_Family_6_Model_140_Stepping_1_GenuineIntel-3.12.3-64\.lock
DEBUG:filelock:Lock 2281101041376 acquired on C:\Users\gregk\AppData\Local\PyTensor\compiledir_Windows-11-10.0.26100-SP0-Intel64_Family_6_Model_140_Stepping_1_GenuineIntel-3.12.3-64\.lock
DEBUG:filelock:Attempting to release lock 2281101041376 on C:\Users\gregk\AppData\Local\PyTensor\compiledir_Windows-11-10.0.26100-SP0-Intel64_Family_6_Model_140_Stepping_1_GenuineIntel-3.12.3-64\.lock
DEBUG:filelock:Lock 2281101041376 released on C:\Users\gregk\AppData\Local\PyTensor\compiledir_Windows-11-10.0.26100-SP0-Intel64_Family_6_Model_140_Stepping_1_GenuineIntel-3.12.3-64\.lock
DEBUG:filelock:Attempting to acquire lock 2281101256528 on C:\Users\gregk\AppData\Local\PyTensor\compiledir_Windows-11-10.0.26100-SP0-Intel64_Family_6_Model_140_Stepping_1_GenuineIntel-3.12.3-64\.lock
DEBUG:filelock:Lock 2281101256528 acquired on C:\Users\gregk\AppData\Local\PyTensor\compiledir_Windows-11-10.0.26100-SP0-Intel64_Family_6_Model_140_Stepping_1_GenuineIntel-3.12.3-64\.lock
DEBUG:filelock:Attempting to release lock 2281101256528 on C:\Users\gregk\AppData\Local\PyTensor\compiledir_Windows-11-10.0.26100-SP0-Intel64_Family_6_Model_140_Stepping_1_GenuineIntel-3.12.3-64\.lock
DEBUG:filelock:Lock 2281101256528 released on C:\Users\gregk\AppData\Local\PyTensor\compiledir_Windows-11-10.0.26100-SP0-Intel64_Family_6_Model_140_Stepping_1_GenuineIntel-3.12.3-64\.lock
DEBUG:filelock:Attempting to acquire lock 2281100342672 on C:\Users\gregk\AppData\Local\PyTensor\compiledir_Windows-11-10.0.26100-SP0-Intel64_Family_6_Model_140_Stepping_1_GenuineIntel-3.12.3-64\.lock
DEBUG:filelock:Lock 2281100342672 acquired on C:\Users\gregk\AppData\Local\PyTensor\compiledir_Windows-11-10.0.26100-SP0-Intel64_Family_6_Model_140_Stepping_1_GenuineIntel-3.12.3-64\.lock
DEBUG:filelock:Attempting to release lock 2281100342672 on C:\Users\gregk\AppData\Local\PyTensor\compiledir_Windows-11-10.0.26100-SP0-Intel64_Family_6_Model_140_Stepping_1_GenuineIntel-3.12.3-64\.lock
DEBUG:filelock:Lock 2281100342672 released on C:\Users\gregk\AppData\Local\PyTensor\compiledir_Windows-11-10.0.26100-SP0-Intel64_Family_6_Model_140_Stepping_1_GenuineIntel-3.12.3-64\.lock
DEBUG:filelock:Attempting to acquire lock 2281097603664 on C:\Users\gregk\AppData\Local\PyTensor\compiledir_Windows-11-10.0.26100-SP0-Intel64_Family_6_Model_140_Stepping_1_GenuineIntel-3.12.3-64\.lock
DEBUG:filelock:Lock 2281097603664 acquired on C:\Users\gregk\AppData\Local\PyTensor\compiledir_Windows-11-10.0.26100-SP0-Intel64_Family_6_Model_140_Stepping_1_GenuineIntel-3.12.3-64\.lock
DEBUG:filelock:Attempting to release lock 2281097603664 on C:\Users\gregk\AppData\Local\PyTensor\compiledir_Windows-11-10.0.26100-SP0-Intel64_Family_6_Model_140_Stepping_1_GenuineIntel-3.12.3-64\.lock
DEBUG:filelock:Lock 2281097603664 released on C:\Users\gregk\AppData\Local\PyTensor\compiledir_Windows-11-10.0.26100-SP0-Intel64_Family_6_Model_140_Stepping_1_GenuineIntel-3.12.3-64\.lock
DEBUG:filelock:Attempting to acquire lock 2281100344736 on C:\Users\gregk\AppData\Local\PyTensor\compiledir_Windows-11-10.0.26100-SP0-Intel64_Family_6_Model_140_Stepping_1_GenuineIntel-3.12.3-64\.lock
DEBUG:filelock:Lock 2281100344736 acquired on C:\Users\gregk\AppData\Local\PyTensor\compiledir_Windows-11-10.0.26100-SP0-Intel64_Family_6_Model_140_Stepping_1_GenuineIntel-3.12.3-64\.lock
DEBUG:filelock:Attempting to release lock 2281100344736 on C:\Users\gregk\AppData\Local\PyTensor\compiledir_Windows-11-10.0.26100-SP0-Intel64_Family_6_Model_140_Stepping_1_GenuineIntel-3.12.3-64\.lock
DEBUG:filelock:Lock 2281100344736 released on C:\Users\gregk\AppData\Local\PyTensor\compiledir_Windows-11-10.0.26100-SP0-Intel64_Family_6_Model_140_Stepping_1_GenuineIntel-3.12.3-64\.lock
DEBUG:filelock:Attempting to acquire lock 2281100541824 on C:\Users\gregk\AppData\Local\PyTensor\compiledir_Windows-11-10.0.26100-SP0-Intel64_Family_6_Model_140_Stepping_1_GenuineIntel-3.12.3-64\.lock
DEBUG:filelock:Lock 2281100541824 acquired on C:\Users\gregk\AppData\Local\PyTensor\compiledir_Windows-11-10.0.26100-SP0-Intel64_Family_6_Model_140_Stepping_1_GenuineIntel-3.12.3-64\.lock
DEBUG:filelock:Attempting to release lock 2281100541824 on C:\Users\gregk\AppData\Local\PyTensor\compiledir_Windows-11-10.0.26100-SP0-Intel64_Family_6_Model_140_Stepping_1_GenuineIntel-3.12.3-64\.lock
DEBUG:filelock:Lock 2281100541824 released on C:\Users\gregk\AppData\Local\PyTensor\compiledir_Windows-11-10.0.26100-SP0-Intel64_Family_6_Model_140_Stepping_1_GenuineIntel-3.12.3-64\.lock
DEBUG:filelock:Attempting to acquire lock 2281100530784 on C:\Users\gregk\AppData\Local\PyTensor\compiledir_Windows-11-10.0.26100-SP0-Intel64_Family_6_Model_140_Stepping_1_GenuineIntel-3.12.3-64\.lock
DEBUG:filelock:Lock 2281100530784 acquired on C:\Users\gregk\AppData\Local\PyTensor\compiledir_Windows-11-10.0.26100-SP0-Intel64_Family_6_Model_140_Stepping_1_GenuineIntel-3.12.3-64\.lock
DEBUG:filelock:Attempting to release lock 2281100530784 on C:\Users\gregk\AppData\Local\PyTensor\compiledir_Windows-11-10.0.26100-SP0-Intel64_Family_6_Model_140_Stepping_1_GenuineIntel-3.12.3-64\.lock
DEBUG:filelock:Lock 2281100530784 released on C:\Users\gregk\AppData\Local\PyTensor\compiledir_Windows-11-10.0.26100-SP0-Intel64_Family_6_Model_140_Stepping_1_GenuineIntel-3.12.3-64\.lock
DEBUG:filelock:Attempting to acquire lock 2281099718976 on C:\Users\gregk\AppData\Local\PyTensor\compiledir_Windows-11-10.0.26100-SP0-Intel64_Family_6_Model_140_Stepping_1_GenuineIntel-3.12.3-64\.lock
DEBUG:filelock:Lock 2281099718976 acquired on C:\Users\gregk\AppData\Local\PyTensor\compiledir_Windows-11-10.0.26100-SP0-Intel64_Family_6_Model_140_Stepping_1_GenuineIntel-3.12.3-64\.lock
DEBUG:filelock:Attempting to release lock 2281099718976 on C:\Users\gregk\AppData\Local\PyTensor\compiledir_Windows-11-10.0.26100-SP0-Intel64_Family_6_Model_140_Stepping_1_GenuineIntel-3.12.3-64\.lock
DEBUG:filelock:Lock 2281099718976 released on C:\Users\gregk\AppData\Local\PyTensor\compiledir_Windows-11-10.0.26100-SP0-Intel64_Family_6_Model_140_Stepping_1_GenuineIntel-3.12.3-64\.lock
DEBUG:filelock:Attempting to acquire lock 2281100608816 on C:\Users\gregk\AppData\Local\PyTensor\compiledir_Windows-11-10.0.26100-SP0-Intel64_Family_6_Model_140_Stepping_1_GenuineIntel-3.12.3-64\.lock
DEBUG:filelock:Lock 2281100608816 acquired on C:\Users\gregk\AppData\Local\PyTensor\compiledir_Windows-11-10.0.26100-SP0-Intel64_Family_6_Model_140_Stepping_1_GenuineIntel-3.12.3-64\.lock
DEBUG:filelock:Attempting to release lock 2281100608816 on C:\Users\gregk\AppData\Local\PyTensor\compiledir_Windows-11-10.0.26100-SP0-Intel64_Family_6_Model_140_Stepping_1_GenuineIntel-3.12.3-64\.lock
DEBUG:filelock:Lock 2281100608816 released on C:\Users\gregk\AppData\Local\PyTensor\compiledir_Windows-11-10.0.26100-SP0-Intel64_Family_6_Model_140_Stepping_1_GenuineIntel-3.12.3-64\.lock
DEBUG:filelock:Attempting to acquire lock 2281100339936 on C:\Users\gregk\AppData\Local\PyTensor\compiledir_Windows-11-10.0.26100-SP0-Intel64_Family_6_Model_140_Stepping_1_GenuineIntel-3.12.3-64\.lock
DEBUG:filelock:Lock 2281100339936 acquired on C:\Users\gregk\AppData\Local\PyTensor\compiledir_Windows-11-10.0.26100-SP0-Intel64_Family_6_Model_140_Stepping_1_GenuineIntel-3.12.3-64\.lock
DEBUG:filelock:Attempting to release lock 2281100339936 on C:\Users\gregk\AppData\Local\PyTensor\compiledir_Windows-11-10.0.26100-SP0-Intel64_Family_6_Model_140_Stepping_1_GenuineIntel-3.12.3-64\.lock
DEBUG:filelock:Lock 2281100339936 released on C:\Users\gregk\AppData\Local\PyTensor\compiledir_Windows-11-10.0.26100-SP0-Intel64_Family_6_Model_140_Stepping_1_GenuineIntel-3.12.3-64\.lock
DEBUG:filelock:Attempting to acquire lock 2281101034512 on C:\Users\gregk\AppData\Local\PyTensor\compiledir_Windows-11-10.0.26100-SP0-Intel64_Family_6_Model_140_Stepping_1_GenuineIntel-3.12.3-64\.lock
DEBUG:filelock:Lock 2281101034512 acquired on C:\Users\gregk\AppData\Local\PyTensor\compiledir_Windows-11-10.0.26100-SP0-Intel64_Family_6_Model_140_Stepping_1_GenuineIntel-3.12.3-64\.lock
DEBUG:filelock:Attempting to release lock 2281101034512 on C:\Users\gregk\AppData\Local\PyTensor\compiledir_Windows-11-10.0.26100-SP0-Intel64_Family_6_Model_140_Stepping_1_GenuineIntel-3.12.3-64\.lock
DEBUG:filelock:Lock 2281101034512 released on C:\Users\gregk\AppData\Local\PyTensor\compiledir_Windows-11-10.0.26100-SP0-Intel64_Family_6_Model_140_Stepping_1_GenuineIntel-3.12.3-64\.lock
DEBUG:filelock:Attempting to acquire lock 2281100613904 on C:\Users\gregk\AppData\Local\PyTensor\compiledir_Windows-11-10.0.26100-SP0-Intel64_Family_6_Model_140_Stepping_1_GenuineIntel-3.12.3-64\.lock
DEBUG:filelock:Lock 2281100613904 acquired on C:\Users\gregk\AppData\Local\PyTensor\compiledir_Windows-11-10.0.26100-SP0-Intel64_Family_6_Model_140_Stepping_1_GenuineIntel-3.12.3-64\.lock
DEBUG:filelock:Attempting to release lock 2281100613904 on C:\Users\gregk\AppData\Local\PyTensor\compiledir_Windows-11-10.0.26100-SP0-Intel64_Family_6_Model_140_Stepping_1_GenuineIntel-3.12.3-64\.lock
DEBUG:filelock:Lock 2281100613904 released on C:\Users\gregk\AppData\Local\PyTensor\compiledir_Windows-11-10.0.26100-SP0-Intel64_Family_6_Model_140_Stepping_1_GenuineIntel-3.12.3-64\.lock
DEBUG:filelock:Attempting to acquire lock 2281100476976 on C:\Users\gregk\AppData\Local\PyTensor\compiledir_Windows-11-10.0.26100-SP0-Intel64_Family_6_Model_140_Stepping_1_GenuineIntel-3.12.3-64\.lock
DEBUG:filelock:Lock 2281100476976 acquired on C:\Users\gregk\AppData\Local\PyTensor\compiledir_Windows-11-10.0.26100-SP0-Intel64_Family_6_Model_140_Stepping_1_GenuineIntel-3.12.3-64\.lock
DEBUG:filelock:Attempting to release lock 2281100476976 on C:\Users\gregk\AppData\Local\PyTensor\compiledir_Windows-11-10.0.26100-SP0-Intel64_Family_6_Model_140_Stepping_1_GenuineIntel-3.12.3-64\.lock
DEBUG:filelock:Lock 2281100476976 released on C:\Users\gregk\AppData\Local\PyTensor\compiledir_Windows-11-10.0.26100-SP0-Intel64_Family_6_Model_140_Stepping_1_GenuineIntel-3.12.3-64\.lock
DEBUG:filelock:Attempting to acquire lock 2281101249472 on C:\Users\gregk\AppData\Local\PyTensor\compiledir_Windows-11-10.0.26100-SP0-Intel64_Family_6_Model_140_Stepping_1_GenuineIntel-3.12.3-64\.lock
DEBUG:filelock:Lock 2281101249472 acquired on C:\Users\gregk\AppData\Local\PyTensor\compiledir_Windows-11-10.0.26100-SP0-Intel64_Family_6_Model_140_Stepping_1_GenuineIntel-3.12.3-64\.lock
DEBUG:filelock:Attempting to release lock 2281101249472 on C:\Users\gregk\AppData\Local\PyTensor\compiledir_Windows-11-10.0.26100-SP0-Intel64_Family_6_Model_140_Stepping_1_GenuineIntel-3.12.3-64\.lock
DEBUG:filelock:Lock 2281101249472 released on C:\Users\gregk\AppData\Local\PyTensor\compiledir_Windows-11-10.0.26100-SP0-Intel64_Family_6_Model_140_Stepping_1_GenuineIntel-3.12.3-64\.lock
DEBUG:filelock:Attempting to acquire lock 2281102782736 on C:\Users\gregk\AppData\Local\PyTensor\compiledir_Windows-11-10.0.26100-SP0-Intel64_Family_6_Model_140_Stepping_1_GenuineIntel-3.12.3-64\.lock
DEBUG:filelock:Lock 2281102782736 acquired on C:\Users\gregk\AppData\Local\PyTensor\compiledir_Windows-11-10.0.26100-SP0-Intel64_Family_6_Model_140_Stepping_1_GenuineIntel-3.12.3-64\.lock
DEBUG:filelock:Attempting to release lock 2281102782736 on C:\Users\gregk\AppData\Local\PyTensor\compiledir_Windows-11-10.0.26100-SP0-Intel64_Family_6_Model_140_Stepping_1_GenuineIntel-3.12.3-64\.lock
DEBUG:filelock:Lock 2281102782736 released on C:\Users\gregk\AppData\Local\PyTensor\compiledir_Windows-11-10.0.26100-SP0-Intel64_Family_6_Model_140_Stepping_1_GenuineIntel-3.12.3-64\.lock
INFO:pymc.sampling.forward:Sampling: [_E_soil, _Kb, likelihood]
DEBUG:filelock:Attempting to acquire lock 2281105760880 on C:\Users\gregk\AppData\Local\PyTensor\compiledir_Windows-11-10.0.26100-SP0-Intel64_Family_6_Model_140_Stepping_1_GenuineIntel-3.12.3-64\.lock
DEBUG:filelock:Lock 2281105760880 acquired on C:\Users\gregk\AppData\Local\PyTensor\compiledir_Windows-11-10.0.26100-SP0-Intel64_Family_6_Model_140_Stepping_1_GenuineIntel-3.12.3-64\.lock
DEBUG:filelock:Attempting to release lock 2281105760880 on C:\Users\gregk\AppData\Local\PyTensor\compiledir_Windows-11-10.0.26100-SP0-Intel64_Family_6_Model_140_Stepping_1_GenuineIntel-3.12.3-64\.lock
DEBUG:filelock:Lock 2281105760880 released on C:\Users\gregk\AppData\Local\PyTensor\compiledir_Windows-11-10.0.26100-SP0-Intel64_Family_6_Model_140_Stepping_1_GenuineIntel-3.12.3-64\.lock
INFO:pymc.sampling.forward:Sampling: [_E_soil, _Kb, likelihood]
DEBUG:filelock:Attempting to acquire lock 2281110533520 on C:\Users\gregk\AppData\Local\PyTensor\compiledir_Windows-11-10.0.26100-SP0-Intel64_Family_6_Model_140_Stepping_1_GenuineIntel-3.12.3-64\.lock
DEBUG:filelock:Lock 2281110533520 acquired on C:\Users\gregk\AppData\Local\PyTensor\compiledir_Windows-11-10.0.26100-SP0-Intel64_Family_6_Model_140_Stepping_1_GenuineIntel-3.12.3-64\.lock
DEBUG:filelock:Attempting to release lock 2281110533520 on C:\Users\gregk\AppData\Local\PyTensor\compiledir_Windows-11-10.0.26100-SP0-Intel64_Family_6_Model_140_Stepping_1_GenuineIntel-3.12.3-64\.lock
DEBUG:filelock:Lock 2281110533520 released on C:\Users\gregk\AppData\Local\PyTensor\compiledir_Windows-11-10.0.26100-SP0-Intel64_Family_6_Model_140_Stepping_1_GenuineIntel-3.12.3-64\.lock
DEBUG:filelock:Attempting to acquire lock 2281117279696 on C:\Users\gregk\AppData\Local\PyTensor\compiledir_Windows-11-10.0.26100-SP0-Intel64_Family_6_Model_140_Stepping_1_GenuineIntel-3.12.3-64\.lock
DEBUG:filelock:Lock 2281117279696 acquired on C:\Users\gregk\AppData\Local\PyTensor\compiledir_Windows-11-10.0.26100-SP0-Intel64_Family_6_Model_140_Stepping_1_GenuineIntel-3.12.3-64\.lock
DEBUG:filelock:Attempting to release lock 2281117279696 on C:\Users\gregk\AppData\Local\PyTensor\compiledir_Windows-11-10.0.26100-SP0-Intel64_Family_6_Model_140_Stepping_1_GenuineIntel-3.12.3-64\.lock
DEBUG:filelock:Lock 2281117279696 released on C:\Users\gregk\AppData\Local\PyTensor\compiledir_Windows-11-10.0.26100-SP0-Intel64_Family_6_Model_140_Stepping_1_GenuineIntel-3.12.3-64\.lock
DEBUG:filelock:Attempting to acquire lock 2281110918624 on C:\Users\gregk\AppData\Local\PyTensor\compiledir_Windows-11-10.0.26100-SP0-Intel64_Family_6_Model_140_Stepping_1_GenuineIntel-3.12.3-64\.lock
DEBUG:filelock:Lock 2281110918624 acquired on C:\Users\gregk\AppData\Local\PyTensor\compiledir_Windows-11-10.0.26100-SP0-Intel64_Family_6_Model_140_Stepping_1_GenuineIntel-3.12.3-64\.lock
DEBUG:filelock:Attempting to release lock 2281110918624 on C:\Users\gregk\AppData\Local\PyTensor\compiledir_Windows-11-10.0.26100-SP0-Intel64_Family_6_Model_140_Stepping_1_GenuineIntel-3.12.3-64\.lock
DEBUG:filelock:Lock 2281110918624 released on C:\Users\gregk\AppData\Local\PyTensor\compiledir_Windows-11-10.0.26100-SP0-Intel64_Family_6_Model_140_Stepping_1_GenuineIntel-3.12.3-64\.lock
DEBUG:filelock:Attempting to acquire lock 2281117283248 on C:\Users\gregk\AppData\Local\PyTensor\compiledir_Windows-11-10.0.26100-SP0-Intel64_Family_6_Model_140_Stepping_1_GenuineIntel-3.12.3-64\.lock
DEBUG:filelock:Lock 2281117283248 acquired on C:\Users\gregk\AppData\Local\PyTensor\compiledir_Windows-11-10.0.26100-SP0-Intel64_Family_6_Model_140_Stepping_1_GenuineIntel-3.12.3-64\.lock
DEBUG:filelock:Attempting to release lock 2281117283248 on C:\Users\gregk\AppData\Local\PyTensor\compiledir_Windows-11-10.0.26100-SP0-Intel64_Family_6_Model_140_Stepping_1_GenuineIntel-3.12.3-64\.lock
DEBUG:filelock:Lock 2281117283248 released on C:\Users\gregk\AppData\Local\PyTensor\compiledir_Windows-11-10.0.26100-SP0-Intel64_Family_6_Model_140_Stepping_1_GenuineIntel-3.12.3-64\.lock
DEBUG:filelock:Attempting to acquire lock 2281117354704 on C:\Users\gregk\AppData\Local\PyTensor\compiledir_Windows-11-10.0.26100-SP0-Intel64_Family_6_Model_140_Stepping_1_GenuineIntel-3.12.3-64\.lock
DEBUG:filelock:Lock 2281117354704 acquired on C:\Users\gregk\AppData\Local\PyTensor\compiledir_Windows-11-10.0.26100-SP0-Intel64_Family_6_Model_140_Stepping_1_GenuineIntel-3.12.3-64\.lock
DEBUG:filelock:Attempting to release lock 2281117354704 on C:\Users\gregk\AppData\Local\PyTensor\compiledir_Windows-11-10.0.26100-SP0-Intel64_Family_6_Model_140_Stepping_1_GenuineIntel-3.12.3-64\.lock
DEBUG:filelock:Lock 2281117354704 released on C:\Users\gregk\AppData\Local\PyTensor\compiledir_Windows-11-10.0.26100-SP0-Intel64_Family_6_Model_140_Stepping_1_GenuineIntel-3.12.3-64\.lock
DEBUG:filelock:Attempting to acquire lock 2281117362288 on C:\Users\gregk\AppData\Local\PyTensor\compiledir_Windows-11-10.0.26100-SP0-Intel64_Family_6_Model_140_Stepping_1_GenuineIntel-3.12.3-64\.lock
DEBUG:filelock:Lock 2281117362288 acquired on C:\Users\gregk\AppData\Local\PyTensor\compiledir_Windows-11-10.0.26100-SP0-Intel64_Family_6_Model_140_Stepping_1_GenuineIntel-3.12.3-64\.lock
DEBUG:filelock:Attempting to release lock 2281117362288 on C:\Users\gregk\AppData\Local\PyTensor\compiledir_Windows-11-10.0.26100-SP0-Intel64_Family_6_Model_140_Stepping_1_GenuineIntel-3.12.3-64\.lock
DEBUG:filelock:Lock 2281117362288 released on C:\Users\gregk\AppData\Local\PyTensor\compiledir_Windows-11-10.0.26100-SP0-Intel64_Family_6_Model_140_Stepping_1_GenuineIntel-3.12.3-64\.lock
DEBUG:filelock:Attempting to acquire lock 2281117363392 on C:\Users\gregk\AppData\Local\PyTensor\compiledir_Windows-11-10.0.26100-SP0-Intel64_Family_6_Model_140_Stepping_1_GenuineIntel-3.12.3-64\.lock
DEBUG:filelock:Lock 2281117363392 acquired on C:\Users\gregk\AppData\Local\PyTensor\compiledir_Windows-11-10.0.26100-SP0-Intel64_Family_6_Model_140_Stepping_1_GenuineIntel-3.12.3-64\.lock
DEBUG:filelock:Attempting to release lock 2281117363392 on C:\Users\gregk\AppData\Local\PyTensor\compiledir_Windows-11-10.0.26100-SP0-Intel64_Family_6_Model_140_Stepping_1_GenuineIntel-3.12.3-64\.lock
DEBUG:filelock:Lock 2281117363392 released on C:\Users\gregk\AppData\Local\PyTensor\compiledir_Windows-11-10.0.26100-SP0-Intel64_Family_6_Model_140_Stepping_1_GenuineIntel-3.12.3-64\.lock
DEBUG:filelock:Attempting to acquire lock 2281117354656 on C:\Users\gregk\AppData\Local\PyTensor\compiledir_Windows-11-10.0.26100-SP0-Intel64_Family_6_Model_140_Stepping_1_GenuineIntel-3.12.3-64\.lock
DEBUG:filelock:Lock 2281117354656 acquired on C:\Users\gregk\AppData\Local\PyTensor\compiledir_Windows-11-10.0.26100-SP0-Intel64_Family_6_Model_140_Stepping_1_GenuineIntel-3.12.3-64\.lock
DEBUG:filelock:Attempting to release lock 2281117354656 on C:\Users\gregk\AppData\Local\PyTensor\compiledir_Windows-11-10.0.26100-SP0-Intel64_Family_6_Model_140_Stepping_1_GenuineIntel-3.12.3-64\.lock
DEBUG:filelock:Lock 2281117354656 released on C:\Users\gregk\AppData\Local\PyTensor\compiledir_Windows-11-10.0.26100-SP0-Intel64_Family_6_Model_140_Stepping_1_GenuineIntel-3.12.3-64\.lock
DEBUG:filelock:Attempting to acquire lock 2281117356672 on C:\Users\gregk\AppData\Local\PyTensor\compiledir_Windows-11-10.0.26100-SP0-Intel64_Family_6_Model_140_Stepping_1_GenuineIntel-3.12.3-64\.lock
DEBUG:filelock:Lock 2281117356672 acquired on C:\Users\gregk\AppData\Local\PyTensor\compiledir_Windows-11-10.0.26100-SP0-Intel64_Family_6_Model_140_Stepping_1_GenuineIntel-3.12.3-64\.lock
DEBUG:filelock:Attempting to release lock 2281117356672 on C:\Users\gregk\AppData\Local\PyTensor\compiledir_Windows-11-10.0.26100-SP0-Intel64_Family_6_Model_140_Stepping_1_GenuineIntel-3.12.3-64\.lock
DEBUG:filelock:Lock 2281117356672 released on C:\Users\gregk\AppData\Local\PyTensor\compiledir_Windows-11-10.0.26100-SP0-Intel64_Family_6_Model_140_Stepping_1_GenuineIntel-3.12.3-64\.lock
DEBUG:filelock:Attempting to acquire lock 2281117367520 on C:\Users\gregk\AppData\Local\PyTensor\compiledir_Windows-11-10.0.26100-SP0-Intel64_Family_6_Model_140_Stepping_1_GenuineIntel-3.12.3-64\.lock
DEBUG:filelock:Lock 2281117367520 acquired on C:\Users\gregk\AppData\Local\PyTensor\compiledir_Windows-11-10.0.26100-SP0-Intel64_Family_6_Model_140_Stepping_1_GenuineIntel-3.12.3-64\.lock
DEBUG:filelock:Attempting to release lock 2281117367520 on C:\Users\gregk\AppData\Local\PyTensor\compiledir_Windows-11-10.0.26100-SP0-Intel64_Family_6_Model_140_Stepping_1_GenuineIntel-3.12.3-64\.lock
DEBUG:filelock:Lock 2281117367520 released on C:\Users\gregk\AppData\Local\PyTensor\compiledir_Windows-11-10.0.26100-SP0-Intel64_Family_6_Model_140_Stepping_1_GenuineIntel-3.12.3-64\.lock
DEBUG:filelock:Attempting to acquire lock 2281117242224 on C:\Users\gregk\AppData\Local\PyTensor\compiledir_Windows-11-10.0.26100-SP0-Intel64_Family_6_Model_140_Stepping_1_GenuineIntel-3.12.3-64\.lock
DEBUG:filelock:Lock 2281117242224 acquired on C:\Users\gregk\AppData\Local\PyTensor\compiledir_Windows-11-10.0.26100-SP0-Intel64_Family_6_Model_140_Stepping_1_GenuineIntel-3.12.3-64\.lock
DEBUG:filelock:Attempting to release lock 2281117242224 on C:\Users\gregk\AppData\Local\PyTensor\compiledir_Windows-11-10.0.26100-SP0-Intel64_Family_6_Model_140_Stepping_1_GenuineIntel-3.12.3-64\.lock
DEBUG:filelock:Lock 2281117242224 released on C:\Users\gregk\AppData\Local\PyTensor\compiledir_Windows-11-10.0.26100-SP0-Intel64_Family_6_Model_140_Stepping_1_GenuineIntel-3.12.3-64\.lock
DEBUG:filelock:Attempting to acquire lock 2281117283728 on C:\Users\gregk\AppData\Local\PyTensor\compiledir_Windows-11-10.0.26100-SP0-Intel64_Family_6_Model_140_Stepping_1_GenuineIntel-3.12.3-64\.lock
DEBUG:filelock:Lock 2281117283728 acquired on C:\Users\gregk\AppData\Local\PyTensor\compiledir_Windows-11-10.0.26100-SP0-Intel64_Family_6_Model_140_Stepping_1_GenuineIntel-3.12.3-64\.lock
DEBUG:filelock:Attempting to release lock 2281117283728 on C:\Users\gregk\AppData\Local\PyTensor\compiledir_Windows-11-10.0.26100-SP0-Intel64_Family_6_Model_140_Stepping_1_GenuineIntel-3.12.3-64\.lock
DEBUG:filelock:Lock 2281117283728 released on C:\Users\gregk\AppData\Local\PyTensor\compiledir_Windows-11-10.0.26100-SP0-Intel64_Family_6_Model_140_Stepping_1_GenuineIntel-3.12.3-64\.lock
DEBUG:filelock:Attempting to acquire lock 2281105472400 on C:\Users\gregk\AppData\Local\PyTensor\compiledir_Windows-11-10.0.26100-SP0-Intel64_Family_6_Model_140_Stepping_1_GenuineIntel-3.12.3-64\.lock
DEBUG:filelock:Lock 2281105472400 acquired on C:\Users\gregk\AppData\Local\PyTensor\compiledir_Windows-11-10.0.26100-SP0-Intel64_Family_6_Model_140_Stepping_1_GenuineIntel-3.12.3-64\.lock
DEBUG:filelock:Attempting to release lock 2281105472400 on C:\Users\gregk\AppData\Local\PyTensor\compiledir_Windows-11-10.0.26100-SP0-Intel64_Family_6_Model_140_Stepping_1_GenuineIntel-3.12.3-64\.lock
DEBUG:filelock:Lock 2281105472400 released on C:\Users\gregk\AppData\Local\PyTensor\compiledir_Windows-11-10.0.26100-SP0-Intel64_Family_6_Model_140_Stepping_1_GenuineIntel-3.12.3-64\.lock
DEBUG:filelock:Attempting to acquire lock 2281105406432 on C:\Users\gregk\AppData\Local\PyTensor\compiledir_Windows-11-10.0.26100-SP0-Intel64_Family_6_Model_140_Stepping_1_GenuineIntel-3.12.3-64\.lock
DEBUG:filelock:Lock 2281105406432 acquired on C:\Users\gregk\AppData\Local\PyTensor\compiledir_Windows-11-10.0.26100-SP0-Intel64_Family_6_Model_140_Stepping_1_GenuineIntel-3.12.3-64\.lock
DEBUG:filelock:Attempting to release lock 2281105406432 on C:\Users\gregk\AppData\Local\PyTensor\compiledir_Windows-11-10.0.26100-SP0-Intel64_Family_6_Model_140_Stepping_1_GenuineIntel-3.12.3-64\.lock
DEBUG:filelock:Lock 2281105406432 released on C:\Users\gregk\AppData\Local\PyTensor\compiledir_Windows-11-10.0.26100-SP0-Intel64_Family_6_Model_140_Stepping_1_GenuineIntel-3.12.3-64\.lock
DEBUG:filelock:Attempting to acquire lock 2281104942256 on C:\Users\gregk\AppData\Local\PyTensor\compiledir_Windows-11-10.0.26100-SP0-Intel64_Family_6_Model_140_Stepping_1_GenuineIntel-3.12.3-64\.lock
DEBUG:filelock:Lock 2281104942256 acquired on C:\Users\gregk\AppData\Local\PyTensor\compiledir_Windows-11-10.0.26100-SP0-Intel64_Family_6_Model_140_Stepping_1_GenuineIntel-3.12.3-64\.lock
DEBUG:filelock:Attempting to release lock 2281104942256 on C:\Users\gregk\AppData\Local\PyTensor\compiledir_Windows-11-10.0.26100-SP0-Intel64_Family_6_Model_140_Stepping_1_GenuineIntel-3.12.3-64\.lock
DEBUG:filelock:Lock 2281104942256 released on C:\Users\gregk\AppData\Local\PyTensor\compiledir_Windows-11-10.0.26100-SP0-Intel64_Family_6_Model_140_Stepping_1_GenuineIntel-3.12.3-64\.lock
DEBUG:filelock:Attempting to acquire lock 2281104939952 on C:\Users\gregk\AppData\Local\PyTensor\compiledir_Windows-11-10.0.26100-SP0-Intel64_Family_6_Model_140_Stepping_1_GenuineIntel-3.12.3-64\.lock
DEBUG:filelock:Lock 2281104939952 acquired on C:\Users\gregk\AppData\Local\PyTensor\compiledir_Windows-11-10.0.26100-SP0-Intel64_Family_6_Model_140_Stepping_1_GenuineIntel-3.12.3-64\.lock
DEBUG:filelock:Attempting to release lock 2281104939952 on C:\Users\gregk\AppData\Local\PyTensor\compiledir_Windows-11-10.0.26100-SP0-Intel64_Family_6_Model_140_Stepping_1_GenuineIntel-3.12.3-64\.lock
DEBUG:filelock:Lock 2281104939952 released on C:\Users\gregk\AppData\Local\PyTensor\compiledir_Windows-11-10.0.26100-SP0-Intel64_Family_6_Model_140_Stepping_1_GenuineIntel-3.12.3-64\.lock
DEBUG:filelock:Attempting to acquire lock 2281104941152 on C:\Users\gregk\AppData\Local\PyTensor\compiledir_Windows-11-10.0.26100-SP0-Intel64_Family_6_Model_140_Stepping_1_GenuineIntel-3.12.3-64\.lock
DEBUG:filelock:Lock 2281104941152 acquired on C:\Users\gregk\AppData\Local\PyTensor\compiledir_Windows-11-10.0.26100-SP0-Intel64_Family_6_Model_140_Stepping_1_GenuineIntel-3.12.3-64\.lock
DEBUG:filelock:Attempting to release lock 2281104941152 on C:\Users\gregk\AppData\Local\PyTensor\compiledir_Windows-11-10.0.26100-SP0-Intel64_Family_6_Model_140_Stepping_1_GenuineIntel-3.12.3-64\.lock
DEBUG:filelock:Lock 2281104941152 released on C:\Users\gregk\AppData\Local\PyTensor\compiledir_Windows-11-10.0.26100-SP0-Intel64_Family_6_Model_140_Stepping_1_GenuineIntel-3.12.3-64\.lock
DEBUG:filelock:Attempting to acquire lock 2281103816224 on C:\Users\gregk\AppData\Local\PyTensor\compiledir_Windows-11-10.0.26100-SP0-Intel64_Family_6_Model_140_Stepping_1_GenuineIntel-3.12.3-64\.lock
DEBUG:filelock:Lock 2281103816224 acquired on C:\Users\gregk\AppData\Local\PyTensor\compiledir_Windows-11-10.0.26100-SP0-Intel64_Family_6_Model_140_Stepping_1_GenuineIntel-3.12.3-64\.lock
DEBUG:filelock:Attempting to release lock 2281103816224 on C:\Users\gregk\AppData\Local\PyTensor\compiledir_Windows-11-10.0.26100-SP0-Intel64_Family_6_Model_140_Stepping_1_GenuineIntel-3.12.3-64\.lock
DEBUG:filelock:Lock 2281103816224 released on C:\Users\gregk\AppData\Local\PyTensor\compiledir_Windows-11-10.0.26100-SP0-Intel64_Family_6_Model_140_Stepping_1_GenuineIntel-3.12.3-64\.lock
DEBUG:filelock:Attempting to acquire lock 2281105247168 on C:\Users\gregk\AppData\Local\PyTensor\compiledir_Windows-11-10.0.26100-SP0-Intel64_Family_6_Model_140_Stepping_1_GenuineIntel-3.12.3-64\.lock
DEBUG:filelock:Lock 2281105247168 acquired on C:\Users\gregk\AppData\Local\PyTensor\compiledir_Windows-11-10.0.26100-SP0-Intel64_Family_6_Model_140_Stepping_1_GenuineIntel-3.12.3-64\.lock
DEBUG:filelock:Attempting to release lock 2281105247168 on C:\Users\gregk\AppData\Local\PyTensor\compiledir_Windows-11-10.0.26100-SP0-Intel64_Family_6_Model_140_Stepping_1_GenuineIntel-3.12.3-64\.lock
DEBUG:filelock:Lock 2281105247168 released on C:\Users\gregk\AppData\Local\PyTensor\compiledir_Windows-11-10.0.26100-SP0-Intel64_Family_6_Model_140_Stepping_1_GenuineIntel-3.12.3-64\.lock
INFO:pymc.sampling.forward:Sampling: [_E_soil, _Kb, likelihood]
DEBUG:filelock:Attempting to acquire lock 2281100342672 on C:\Users\gregk\AppData\Local\PyTensor\compiledir_Windows-11-10.0.26100-SP0-Intel64_Family_6_Model_140_Stepping_1_GenuineIntel-3.12.3-64\.lock
DEBUG:filelock:Lock 2281100342672 acquired on C:\Users\gregk\AppData\Local\PyTensor\compiledir_Windows-11-10.0.26100-SP0-Intel64_Family_6_Model_140_Stepping_1_GenuineIntel-3.12.3-64\.lock
DEBUG:filelock:Attempting to release lock 2281100342672 on C:\Users\gregk\AppData\Local\PyTensor\compiledir_Windows-11-10.0.26100-SP0-Intel64_Family_6_Model_140_Stepping_1_GenuineIntel-3.12.3-64\.lock
DEBUG:filelock:Lock 2281100342672 released on C:\Users\gregk\AppData\Local\PyTensor\compiledir_Windows-11-10.0.26100-SP0-Intel64_Family_6_Model_140_Stepping_1_GenuineIntel-3.12.3-64\.lock
DEBUG:filelock:Attempting to acquire lock 2281100487488 on C:\Users\gregk\AppData\Local\PyTensor\compiledir_Windows-11-10.0.26100-SP0-Intel64_Family_6_Model_140_Stepping_1_GenuineIntel-3.12.3-64\.lock
DEBUG:filelock:Lock 2281100487488 acquired on C:\Users\gregk\AppData\Local\PyTensor\compiledir_Windows-11-10.0.26100-SP0-Intel64_Family_6_Model_140_Stepping_1_GenuineIntel-3.12.3-64\.lock
DEBUG:filelock:Attempting to release lock 2281100487488 on C:\Users\gregk\AppData\Local\PyTensor\compiledir_Windows-11-10.0.26100-SP0-Intel64_Family_6_Model_140_Stepping_1_GenuineIntel-3.12.3-64\.lock
DEBUG:filelock:Lock 2281100487488 released on C:\Users\gregk\AppData\Local\PyTensor\compiledir_Windows-11-10.0.26100-SP0-Intel64_Family_6_Model_140_Stepping_1_GenuineIntel-3.12.3-64\.lock
DEBUG:filelock:Attempting to acquire lock 2281100391488 on C:\Users\gregk\AppData\Local\PyTensor\compiledir_Windows-11-10.0.26100-SP0-Intel64_Family_6_Model_140_Stepping_1_GenuineIntel-3.12.3-64\.lock
DEBUG:filelock:Lock 2281100391488 acquired on C:\Users\gregk\AppData\Local\PyTensor\compiledir_Windows-11-10.0.26100-SP0-Intel64_Family_6_Model_140_Stepping_1_GenuineIntel-3.12.3-64\.lock
DEBUG:filelock:Attempting to release lock 2281100391488 on C:\Users\gregk\AppData\Local\PyTensor\compiledir_Windows-11-10.0.26100-SP0-Intel64_Family_6_Model_140_Stepping_1_GenuineIntel-3.12.3-64\.lock
DEBUG:filelock:Lock 2281100391488 released on C:\Users\gregk\AppData\Local\PyTensor\compiledir_Windows-11-10.0.26100-SP0-Intel64_Family_6_Model_140_Stepping_1_GenuineIntel-3.12.3-64\.lock
DEBUG:filelock:Attempting to acquire lock 2281100484224 on C:\Users\gregk\AppData\Local\PyTensor\compiledir_Windows-11-10.0.26100-SP0-Intel64_Family_6_Model_140_Stepping_1_GenuineIntel-3.12.3-64\.lock
DEBUG:filelock:Lock 2281100484224 acquired on C:\Users\gregk\AppData\Local\PyTensor\compiledir_Windows-11-10.0.26100-SP0-Intel64_Family_6_Model_140_Stepping_1_GenuineIntel-3.12.3-64\.lock
DEBUG:filelock:Attempting to release lock 2281100484224 on C:\Users\gregk\AppData\Local\PyTensor\compiledir_Windows-11-10.0.26100-SP0-Intel64_Family_6_Model_140_Stepping_1_GenuineIntel-3.12.3-64\.lock
DEBUG:filelock:Lock 2281100484224 released on C:\Users\gregk\AppData\Local\PyTensor\compiledir_Windows-11-10.0.26100-SP0-Intel64_Family_6_Model_140_Stepping_1_GenuineIntel-3.12.3-64\.lock
DEBUG:filelock:Attempting to acquire lock 2281100486144 on C:\Users\gregk\AppData\Local\PyTensor\compiledir_Windows-11-10.0.26100-SP0-Intel64_Family_6_Model_140_Stepping_1_GenuineIntel-3.12.3-64\.lock
DEBUG:filelock:Lock 2281100486144 acquired on C:\Users\gregk\AppData\Local\PyTensor\compiledir_Windows-11-10.0.26100-SP0-Intel64_Family_6_Model_140_Stepping_1_GenuineIntel-3.12.3-64\.lock
DEBUG:filelock:Attempting to release lock 2281100486144 on C:\Users\gregk\AppData\Local\PyTensor\compiledir_Windows-11-10.0.26100-SP0-Intel64_Family_6_Model_140_Stepping_1_GenuineIntel-3.12.3-64\.lock
DEBUG:filelock:Lock 2281100486144 released on C:\Users\gregk\AppData\Local\PyTensor\compiledir_Windows-11-10.0.26100-SP0-Intel64_Family_6_Model_140_Stepping_1_GenuineIntel-3.12.3-64\.lock
DEBUG:filelock:Attempting to acquire lock 2281100489216 on C:\Users\gregk\AppData\Local\PyTensor\compiledir_Windows-11-10.0.26100-SP0-Intel64_Family_6_Model_140_Stepping_1_GenuineIntel-3.12.3-64\.lock
DEBUG:filelock:Lock 2281100489216 acquired on C:\Users\gregk\AppData\Local\PyTensor\compiledir_Windows-11-10.0.26100-SP0-Intel64_Family_6_Model_140_Stepping_1_GenuineIntel-3.12.3-64\.lock
DEBUG:filelock:Attempting to release lock 2281100489216 on C:\Users\gregk\AppData\Local\PyTensor\compiledir_Windows-11-10.0.26100-SP0-Intel64_Family_6_Model_140_Stepping_1_GenuineIntel-3.12.3-64\.lock
DEBUG:filelock:Lock 2281100489216 released on C:\Users\gregk\AppData\Local\PyTensor\compiledir_Windows-11-10.0.26100-SP0-Intel64_Family_6_Model_140_Stepping_1_GenuineIntel-3.12.3-64\.lock
DEBUG:filelock:Attempting to acquire lock 2281100482016 on C:\Users\gregk\AppData\Local\PyTensor\compiledir_Windows-11-10.0.26100-SP0-Intel64_Family_6_Model_140_Stepping_1_GenuineIntel-3.12.3-64\.lock
DEBUG:filelock:Lock 2281100482016 acquired on C:\Users\gregk\AppData\Local\PyTensor\compiledir_Windows-11-10.0.26100-SP0-Intel64_Family_6_Model_140_Stepping_1_GenuineIntel-3.12.3-64\.lock
DEBUG:filelock:Attempting to release lock 2281100482016 on C:\Users\gregk\AppData\Local\PyTensor\compiledir_Windows-11-10.0.26100-SP0-Intel64_Family_6_Model_140_Stepping_1_GenuineIntel-3.12.3-64\.lock
DEBUG:filelock:Lock 2281100482016 released on C:\Users\gregk\AppData\Local\PyTensor\compiledir_Windows-11-10.0.26100-SP0-Intel64_Family_6_Model_140_Stepping_1_GenuineIntel-3.12.3-64\.lock
DEBUG:filelock:Attempting to acquire lock 2281100384048 on C:\Users\gregk\AppData\Local\PyTensor\compiledir_Windows-11-10.0.26100-SP0-Intel64_Family_6_Model_140_Stepping_1_GenuineIntel-3.12.3-64\.lock
DEBUG:filelock:Lock 2281100384048 acquired on C:\Users\gregk\AppData\Local\PyTensor\compiledir_Windows-11-10.0.26100-SP0-Intel64_Family_6_Model_140_Stepping_1_GenuineIntel-3.12.3-64\.lock
DEBUG:filelock:Attempting to release lock 2281100384048 on C:\Users\gregk\AppData\Local\PyTensor\compiledir_Windows-11-10.0.26100-SP0-Intel64_Family_6_Model_140_Stepping_1_GenuineIntel-3.12.3-64\.lock
DEBUG:filelock:Lock 2281100384048 released on C:\Users\gregk\AppData\Local\PyTensor\compiledir_Windows-11-10.0.26100-SP0-Intel64_Family_6_Model_140_Stepping_1_GenuineIntel-3.12.3-64\.lock
DEBUG:filelock:Attempting to acquire lock 2281096737568 on C:\Users\gregk\AppData\Local\PyTensor\compiledir_Windows-11-10.0.26100-SP0-Intel64_Family_6_Model_140_Stepping_1_GenuineIntel-3.12.3-64\.lock
DEBUG:filelock:Lock 2281096737568 acquired on C:\Users\gregk\AppData\Local\PyTensor\compiledir_Windows-11-10.0.26100-SP0-Intel64_Family_6_Model_140_Stepping_1_GenuineIntel-3.12.3-64\.lock
DEBUG:filelock:Attempting to release lock 2281096737568 on C:\Users\gregk\AppData\Local\PyTensor\compiledir_Windows-11-10.0.26100-SP0-Intel64_Family_6_Model_140_Stepping_1_GenuineIntel-3.12.3-64\.lock
DEBUG:filelock:Lock 2281096737568 released on C:\Users\gregk\AppData\Local\PyTensor\compiledir_Windows-11-10.0.26100-SP0-Intel64_Family_6_Model_140_Stepping_1_GenuineIntel-3.12.3-64\.lock
DEBUG:filelock:Attempting to acquire lock 2281086383312 on C:\Users\gregk\AppData\Local\PyTensor\compiledir_Windows-11-10.0.26100-SP0-Intel64_Family_6_Model_140_Stepping_1_GenuineIntel-3.12.3-64\.lock
DEBUG:filelock:Lock 2281086383312 acquired on C:\Users\gregk\AppData\Local\PyTensor\compiledir_Windows-11-10.0.26100-SP0-Intel64_Family_6_Model_140_Stepping_1_GenuineIntel-3.12.3-64\.lock
DEBUG:filelock:Attempting to release lock 2281086383312 on C:\Users\gregk\AppData\Local\PyTensor\compiledir_Windows-11-10.0.26100-SP0-Intel64_Family_6_Model_140_Stepping_1_GenuineIntel-3.12.3-64\.lock
DEBUG:filelock:Lock 2281086383312 released on C:\Users\gregk\AppData\Local\PyTensor\compiledir_Windows-11-10.0.26100-SP0-Intel64_Family_6_Model_140_Stepping_1_GenuineIntel-3.12.3-64\.lock
DEBUG:filelock:Attempting to acquire lock 2281110140304 on C:\Users\gregk\AppData\Local\PyTensor\compiledir_Windows-11-10.0.26100-SP0-Intel64_Family_6_Model_140_Stepping_1_GenuineIntel-3.12.3-64\.lock
DEBUG:filelock:Lock 2281110140304 acquired on C:\Users\gregk\AppData\Local\PyTensor\compiledir_Windows-11-10.0.26100-SP0-Intel64_Family_6_Model_140_Stepping_1_GenuineIntel-3.12.3-64\.lock
DEBUG:filelock:Attempting to release lock 2281110140304 on C:\Users\gregk\AppData\Local\PyTensor\compiledir_Windows-11-10.0.26100-SP0-Intel64_Family_6_Model_140_Stepping_1_GenuineIntel-3.12.3-64\.lock
DEBUG:filelock:Lock 2281110140304 released on C:\Users\gregk\AppData\Local\PyTensor\compiledir_Windows-11-10.0.26100-SP0-Intel64_Family_6_Model_140_Stepping_1_GenuineIntel-3.12.3-64\.lock
DEBUG:filelock:Attempting to acquire lock 2281110533136 on C:\Users\gregk\AppData\Local\PyTensor\compiledir_Windows-11-10.0.26100-SP0-Intel64_Family_6_Model_140_Stepping_1_GenuineIntel-3.12.3-64\.lock
DEBUG:filelock:Lock 2281110533136 acquired on C:\Users\gregk\AppData\Local\PyTensor\compiledir_Windows-11-10.0.26100-SP0-Intel64_Family_6_Model_140_Stepping_1_GenuineIntel-3.12.3-64\.lock
DEBUG:filelock:Attempting to release lock 2281110533136 on C:\Users\gregk\AppData\Local\PyTensor\compiledir_Windows-11-10.0.26100-SP0-Intel64_Family_6_Model_140_Stepping_1_GenuineIntel-3.12.3-64\.lock
DEBUG:filelock:Lock 2281110533136 released on C:\Users\gregk\AppData\Local\PyTensor\compiledir_Windows-11-10.0.26100-SP0-Intel64_Family_6_Model_140_Stepping_1_GenuineIntel-3.12.3-64\.lock
DEBUG:filelock:Attempting to acquire lock 2281110529824 on C:\Users\gregk\AppData\Local\PyTensor\compiledir_Windows-11-10.0.26100-SP0-Intel64_Family_6_Model_140_Stepping_1_GenuineIntel-3.12.3-64\.lock
DEBUG:filelock:Lock 2281110529824 acquired on C:\Users\gregk\AppData\Local\PyTensor\compiledir_Windows-11-10.0.26100-SP0-Intel64_Family_6_Model_140_Stepping_1_GenuineIntel-3.12.3-64\.lock
DEBUG:filelock:Attempting to release lock 2281110529824 on C:\Users\gregk\AppData\Local\PyTensor\compiledir_Windows-11-10.0.26100-SP0-Intel64_Family_6_Model_140_Stepping_1_GenuineIntel-3.12.3-64\.lock
DEBUG:filelock:Lock 2281110529824 released on C:\Users\gregk\AppData\Local\PyTensor\compiledir_Windows-11-10.0.26100-SP0-Intel64_Family_6_Model_140_Stepping_1_GenuineIntel-3.12.3-64\.lock
DEBUG:filelock:Attempting to acquire lock 2281105644992 on C:\Users\gregk\AppData\Local\PyTensor\compiledir_Windows-11-10.0.26100-SP0-Intel64_Family_6_Model_140_Stepping_1_GenuineIntel-3.12.3-64\.lock
DEBUG:filelock:Lock 2281105644992 acquired on C:\Users\gregk\AppData\Local\PyTensor\compiledir_Windows-11-10.0.26100-SP0-Intel64_Family_6_Model_140_Stepping_1_GenuineIntel-3.12.3-64\.lock
DEBUG:filelock:Attempting to release lock 2281105644992 on C:\Users\gregk\AppData\Local\PyTensor\compiledir_Windows-11-10.0.26100-SP0-Intel64_Family_6_Model_140_Stepping_1_GenuineIntel-3.12.3-64\.lock
DEBUG:filelock:Lock 2281105644992 released on C:\Users\gregk\AppData\Local\PyTensor\compiledir_Windows-11-10.0.26100-SP0-Intel64_Family_6_Model_140_Stepping_1_GenuineIntel-3.12.3-64\.lock
DEBUG:filelock:Attempting to acquire lock 2281110666320 on C:\Users\gregk\AppData\Local\PyTensor\compiledir_Windows-11-10.0.26100-SP0-Intel64_Family_6_Model_140_Stepping_1_GenuineIntel-3.12.3-64\.lock
DEBUG:filelock:Lock 2281110666320 acquired on C:\Users\gregk\AppData\Local\PyTensor\compiledir_Windows-11-10.0.26100-SP0-Intel64_Family_6_Model_140_Stepping_1_GenuineIntel-3.12.3-64\.lock
DEBUG:filelock:Attempting to release lock 2281110666320 on C:\Users\gregk\AppData\Local\PyTensor\compiledir_Windows-11-10.0.26100-SP0-Intel64_Family_6_Model_140_Stepping_1_GenuineIntel-3.12.3-64\.lock
DEBUG:filelock:Lock 2281110666320 released on C:\Users\gregk\AppData\Local\PyTensor\compiledir_Windows-11-10.0.26100-SP0-Intel64_Family_6_Model_140_Stepping_1_GenuineIntel-3.12.3-64\.lock
INFO:pymc.sampling.forward:Sampling: [_E_soil, _Kb, likelihood]
INFO:pymc.sampling.forward:Sampling: [_E_soil, _Kb, likelihood]
INFO:pymc.smc.sampling:Initializing SMC sampler...
INFO:pymc.smc.sampling:Sampling 4 chains in 4 jobs
DEBUG:filelock:Attempting to acquire lock 2281107487824 on C:\Users\gregk\AppData\Local\PyTensor\compiledir_Windows-11-10.0.26100-SP0-Intel64_Family_6_Model_140_Stepping_1_GenuineIntel-3.12.3-64\.lock
DEBUG:filelock:Lock 2281107487824 acquired on C:\Users\gregk\AppData\Local\PyTensor\compiledir_Windows-11-10.0.26100-SP0-Intel64_Family_6_Model_140_Stepping_1_GenuineIntel-3.12.3-64\.lock
DEBUG:filelock:Attempting to release lock 2281107487824 on C:\Users\gregk\AppData\Local\PyTensor\compiledir_Windows-11-10.0.26100-SP0-Intel64_Family_6_Model_140_Stepping_1_GenuineIntel-3.12.3-64\.lock
DEBUG:filelock:Lock 2281107487824 released on C:\Users\gregk\AppData\Local\PyTensor\compiledir_Windows-11-10.0.26100-SP0-Intel64_Family_6_Model_140_Stepping_1_GenuineIntel-3.12.3-64\.lock
INFO:pymc.sampling.forward:Sampling: [likelihood]
