DEBUG:filelock:Attempting to acquire lock 1409421423248 on C:\Users\gregk\AppData\Local\PyTensor\compiledir_Windows-11-10.0.26100-SP0-Intel64_Family_6_Model_140_Stepping_1_GenuineIntel-3.12.3-64\.lock
DEBUG:filelock:Lock 1409421423248 not acquired on C:\Users\gregk\AppData\Local\PyTensor\compiledir_Windows-11-10.0.26100-SP0-Intel64_Family_6_Model_140_Stepping_1_GenuineIntel-3.12.3-64\.lock, waiting 0.05 seconds ...
DEBUG:filelock:Attempting to acquire lock 1409421423248 on C:\Users\gregk\AppData\Local\PyTensor\compiledir_Windows-11-10.0.26100-SP0-Intel64_Family_6_Model_140_Stepping_1_GenuineIntel-3.12.3-64\.lock
DEBUG:filelock:Lock 1409421423248 not acquired on C:\Users\gregk\AppData\Local\PyTensor\compiledir_Windows-11-10.0.26100-SP0-Intel64_Family_6_Model_140_Stepping_1_GenuineIntel-3.12.3-64\.lock, waiting 0.05 seconds ...
DEBUG:filelock:Attempting to acquire lock 1409421423248 on C:\Users\gregk\AppData\Local\PyTensor\compiledir_Windows-11-10.0.26100-SP0-Intel64_Family_6_Model_140_Stepping_1_GenuineIntel-3.12.3-64\.lock
DEBUG:filelock:Lock 1409421423248 not acquired on C:\Users\gregk\AppData\Local\PyTensor\compiledir_Windows-11-10.0.26100-SP0-Intel64_Family_6_Model_140_Stepping_1_GenuineIntel-3.12.3-64\.lock, waiting 0.05 seconds ...
DEBUG:filelock:Attempting to acquire lock 1409421423248 on C:\Users\gregk\AppData\Local\PyTensor\compiledir_Windows-11-10.0.26100-SP0-Intel64_Family_6_Model_140_Stepping_1_GenuineIntel-3.12.3-64\.lock
DEBUG:filelock:Lock 1409421423248 not acquired on C:\Users\gregk\AppData\Local\PyTensor\compiledir_Windows-11-10.0.26100-SP0-Intel64_Family_6_Model_140_Stepping_1_GenuineIntel-3.12.3-64\.lock, waiting 0.05 seconds ...
DEBUG:filelock:Attempting to acquire lock 1409421423248 on C:\Users\gregk\AppData\Local\PyTensor\compiledir_Windows-11-10.0.26100-SP0-Intel64_Family_6_Model_140_Stepping_1_GenuineIntel-3.12.3-64\.lock
DEBUG:filelock:Lock 1409421423248 not acquired on C:\Users\gregk\AppData\Local\PyTensor\compiledir_Windows-11-10.0.26100-SP0-Intel64_Family_6_Model_140_Stepping_1_GenuineIntel-3.12.3-64\.lock, waiting 0.05 seconds ...
DEBUG:filelock:Attempting to acquire lock 1409421423248 on C:\Users\gregk\AppData\Local\PyTensor\compiledir_Windows-11-10.0.26100-SP0-Intel64_Family_6_Model_140_Stepping_1_GenuineIntel-3.12.3-64\.lock
DEBUG:filelock:Lock 1409421423248 not acquired on C:\Users\gregk\AppData\Local\PyTensor\compiledir_Windows-11-10.0.26100-SP0-Intel64_Family_6_Model_140_Stepping_1_GenuineIntel-3.12.3-64\.lock, waiting 0.05 seconds ...
DEBUG:filelock:Attempting to acquire lock 1409421423248 on C:\Users\gregk\AppData\Local\PyTensor\compiledir_Windows-11-10.0.26100-SP0-Intel64_Family_6_Model_140_Stepping_1_GenuineIntel-3.12.3-64\.lock
DEBUG:filelock:Lock 1409421423248 not acquired on C:\Users\gregk\AppData\Local\PyTensor\compiledir_Windows-11-10.0.26100-SP0-Intel64_Family_6_Model_140_Stepping_1_GenuineIntel-3.12.3-64\.lock, waiting 0.05 seconds ...
DEBUG:filelock:Attempting to acquire lock 1409421423248 on C:\Users\gregk\AppData\Local\PyTensor\compiledir_Windows-11-10.0.26100-SP0-Intel64_Family_6_Model_140_Stepping_1_GenuineIntel-3.12.3-64\.lock
DEBUG:filelock:Lock 1409421423248 not acquired on C:\Users\gregk\AppData\Local\PyTensor\compiledir_Windows-11-10.0.26100-SP0-Intel64_Family_6_Model_140_Stepping_1_GenuineIntel-3.12.3-64\.lock, waiting 0.05 seconds ...
DEBUG:filelock:Attempting to acquire lock 1409421423248 on C:\Users\gregk\AppData\Local\PyTensor\compiledir_Windows-11-10.0.26100-SP0-Intel64_Family_6_Model_140_Stepping_1_GenuineIntel-3.12.3-64\.lock
DEBUG:filelock:Lock 1409421423248 not acquired on C:\Users\gregk\AppData\Local\PyTensor\compiledir_Windows-11-10.0.26100-SP0-Intel64_Family_6_Model_140_Stepping_1_GenuineIntel-3.12.3-64\.lock, waiting 0.05 seconds ...
DEBUG:filelock:Attempting to acquire lock 1409421423248 on C:\Users\gregk\AppData\Local\PyTensor\compiledir_Windows-11-10.0.26100-SP0-Intel64_Family_6_Model_140_Stepping_1_GenuineIntel-3.12.3-64\.lock
DEBUG:filelock:Lock 1409421423248 not acquired on C:\Users\gregk\AppData\Local\PyTensor\compiledir_Windows-11-10.0.26100-SP0-Intel64_Family_6_Model_140_Stepping_1_GenuineIntel-3.12.3-64\.lock, waiting 0.05 seconds ...
DEBUG:filelock:Attempting to acquire lock 1409421423248 on C:\Users\gregk\AppData\Local\PyTensor\compiledir_Windows-11-10.0.26100-SP0-Intel64_Family_6_Model_140_Stepping_1_GenuineIntel-3.12.3-64\.lock
DEBUG:filelock:Lock 1409421423248 not acquired on C:\Users\gregk\AppData\Local\PyTensor\compiledir_Windows-11-10.0.26100-SP0-Intel64_Family_6_Model_140_Stepping_1_GenuineIntel-3.12.3-64\.lock, waiting 0.05 seconds ...
DEBUG:filelock:Attempting to acquire lock 1409421423248 on C:\Users\gregk\AppData\Local\PyTensor\compiledir_Windows-11-10.0.26100-SP0-Intel64_Family_6_Model_140_Stepping_1_GenuineIntel-3.12.3-64\.lock
DEBUG:filelock:Lock 1409421423248 not acquired on C:\Users\gregk\AppData\Local\PyTensor\compiledir_Windows-11-10.0.26100-SP0-Intel64_Family_6_Model_140_Stepping_1_GenuineIntel-3.12.3-64\.lock, waiting 0.05 seconds ...
DEBUG:filelock:Attempting to acquire lock 1409421423248 on C:\Users\gregk\AppData\Local\PyTensor\compiledir_Windows-11-10.0.26100-SP0-Intel64_Family_6_Model_140_Stepping_1_GenuineIntel-3.12.3-64\.lock
DEBUG:filelock:Lock 1409421423248 not acquired on C:\Users\gregk\AppData\Local\PyTensor\compiledir_Windows-11-10.0.26100-SP0-Intel64_Family_6_Model_140_Stepping_1_GenuineIntel-3.12.3-64\.lock, waiting 0.05 seconds ...
DEBUG:filelock:Attempting to acquire lock 1409421423248 on C:\Users\gregk\AppData\Local\PyTensor\compiledir_Windows-11-10.0.26100-SP0-Intel64_Family_6_Model_140_Stepping_1_GenuineIntel-3.12.3-64\.lock
DEBUG:filelock:Lock 1409421423248 not acquired on C:\Users\gregk\AppData\Local\PyTensor\compiledir_Windows-11-10.0.26100-SP0-Intel64_Family_6_Model_140_Stepping_1_GenuineIntel-3.12.3-64\.lock, waiting 0.05 seconds ...
DEBUG:filelock:Attempting to acquire lock 1409421423248 on C:\Users\gregk\AppData\Local\PyTensor\compiledir_Windows-11-10.0.26100-SP0-Intel64_Family_6_Model_140_Stepping_1_GenuineIntel-3.12.3-64\.lock
DEBUG:filelock:Lock 1409421423248 not acquired on C:\Users\gregk\AppData\Local\PyTensor\compiledir_Windows-11-10.0.26100-SP0-Intel64_Family_6_Model_140_Stepping_1_GenuineIntel-3.12.3-64\.lock, waiting 0.05 seconds ...
DEBUG:filelock:Attempting to acquire lock 1409421423248 on C:\Users\gregk\AppData\Local\PyTensor\compiledir_Windows-11-10.0.26100-SP0-Intel64_Family_6_Model_140_Stepping_1_GenuineIntel-3.12.3-64\.lock
DEBUG:filelock:Lock 1409421423248 not acquired on C:\Users\gregk\AppData\Local\PyTensor\compiledir_Windows-11-10.0.26100-SP0-Intel64_Family_6_Model_140_Stepping_1_GenuineIntel-3.12.3-64\.lock, waiting 0.05 seconds ...
DEBUG:filelock:Attempting to acquire lock 1409421423248 on C:\Users\gregk\AppData\Local\PyTensor\compiledir_Windows-11-10.0.26100-SP0-Intel64_Family_6_Model_140_Stepping_1_GenuineIntel-3.12.3-64\.lock
DEBUG:filelock:Lock 1409421423248 not acquired on C:\Users\gregk\AppData\Local\PyTensor\compiledir_Windows-11-10.0.26100-SP0-Intel64_Family_6_Model_140_Stepping_1_GenuineIntel-3.12.3-64\.lock, waiting 0.05 seconds ...
DEBUG:filelock:Attempting to acquire lock 1409421423248 on C:\Users\gregk\AppData\Local\PyTensor\compiledir_Windows-11-10.0.26100-SP0-Intel64_Family_6_Model_140_Stepping_1_GenuineIntel-3.12.3-64\.lock
DEBUG:filelock:Lock 1409421423248 not acquired on C:\Users\gregk\AppData\Local\PyTensor\compiledir_Windows-11-10.0.26100-SP0-Intel64_Family_6_Model_140_Stepping_1_GenuineIntel-3.12.3-64\.lock, waiting 0.05 seconds ...
DEBUG:filelock:Attempting to acquire lock 1409421423248 on C:\Users\gregk\AppData\Local\PyTensor\compiledir_Windows-11-10.0.26100-SP0-Intel64_Family_6_Model_140_Stepping_1_GenuineIntel-3.12.3-64\.lock
DEBUG:filelock:Lock 1409421423248 not acquired on C:\Users\gregk\AppData\Local\PyTensor\compiledir_Windows-11-10.0.26100-SP0-Intel64_Family_6_Model_140_Stepping_1_GenuineIntel-3.12.3-64\.lock, waiting 0.05 seconds ...
DEBUG:filelock:Attempting to acquire lock 1409421423248 on C:\Users\gregk\AppData\Local\PyTensor\compiledir_Windows-11-10.0.26100-SP0-Intel64_Family_6_Model_140_Stepping_1_GenuineIntel-3.12.3-64\.lock
DEBUG:filelock:Lock 1409421423248 not acquired on C:\Users\gregk\AppData\Local\PyTensor\compiledir_Windows-11-10.0.26100-SP0-Intel64_Family_6_Model_140_Stepping_1_GenuineIntel-3.12.3-64\.lock, waiting 0.05 seconds ...
DEBUG:filelock:Attempting to acquire lock 1409421423248 on C:\Users\gregk\AppData\Local\PyTensor\compiledir_Windows-11-10.0.26100-SP0-Intel64_Family_6_Model_140_Stepping_1_GenuineIntel-3.12.3-64\.lock
DEBUG:filelock:Lock 1409421423248 not acquired on C:\Users\gregk\AppData\Local\PyTensor\compiledir_Windows-11-10.0.26100-SP0-Intel64_Family_6_Model_140_Stepping_1_GenuineIntel-3.12.3-64\.lock, waiting 0.05 seconds ...
DEBUG:filelock:Attempting to acquire lock 1409421423248 on C:\Users\gregk\AppData\Local\PyTensor\compiledir_Windows-11-10.0.26100-SP0-Intel64_Family_6_Model_140_Stepping_1_GenuineIntel-3.12.3-64\.lock
DEBUG:filelock:Lock 1409421423248 not acquired on C:\Users\gregk\AppData\Local\PyTensor\compiledir_Windows-11-10.0.26100-SP0-Intel64_Family_6_Model_140_Stepping_1_GenuineIntel-3.12.3-64\.lock, waiting 0.05 seconds ...
DEBUG:filelock:Attempting to acquire lock 1409421423248 on C:\Users\gregk\AppData\Local\PyTensor\compiledir_Windows-11-10.0.26100-SP0-Intel64_Family_6_Model_140_Stepping_1_GenuineIntel-3.12.3-64\.lock
DEBUG:filelock:Lock 1409421423248 not acquired on C:\Users\gregk\AppData\Local\PyTensor\compiledir_Windows-11-10.0.26100-SP0-Intel64_Family_6_Model_140_Stepping_1_GenuineIntel-3.12.3-64\.lock, waiting 0.05 seconds ...
DEBUG:filelock:Attempting to acquire lock 1409421423248 on C:\Users\gregk\AppData\Local\PyTensor\compiledir_Windows-11-10.0.26100-SP0-Intel64_Family_6_Model_140_Stepping_1_GenuineIntel-3.12.3-64\.lock
DEBUG:filelock:Lock 1409421423248 not acquired on C:\Users\gregk\AppData\Local\PyTensor\compiledir_Windows-11-10.0.26100-SP0-Intel64_Family_6_Model_140_Stepping_1_GenuineIntel-3.12.3-64\.lock, waiting 0.05 seconds ...
DEBUG:filelock:Attempting to acquire lock 1409421423248 on C:\Users\gregk\AppData\Local\PyTensor\compiledir_Windows-11-10.0.26100-SP0-Intel64_Family_6_Model_140_Stepping_1_GenuineIntel-3.12.3-64\.lock
DEBUG:filelock:Lock 1409421423248 not acquired on C:\Users\gregk\AppData\Local\PyTensor\compiledir_Windows-11-10.0.26100-SP0-Intel64_Family_6_Model_140_Stepping_1_GenuineIntel-3.12.3-64\.lock, waiting 0.05 seconds ...
DEBUG:filelock:Attempting to acquire lock 1409421423248 on C:\Users\gregk\AppData\Local\PyTensor\compiledir_Windows-11-10.0.26100-SP0-Intel64_Family_6_Model_140_Stepping_1_GenuineIntel-3.12.3-64\.lock
DEBUG:filelock:Lock 1409421423248 not acquired on C:\Users\gregk\AppData\Local\PyTensor\compiledir_Windows-11-10.0.26100-SP0-Intel64_Family_6_Model_140_Stepping_1_GenuineIntel-3.12.3-64\.lock, waiting 0.05 seconds ...
DEBUG:filelock:Attempting to acquire lock 1409421423248 on C:\Users\gregk\AppData\Local\PyTensor\compiledir_Windows-11-10.0.26100-SP0-Intel64_Family_6_Model_140_Stepping_1_GenuineIntel-3.12.3-64\.lock
DEBUG:filelock:Lock 1409421423248 not acquired on C:\Users\gregk\AppData\Local\PyTensor\compiledir_Windows-11-10.0.26100-SP0-Intel64_Family_6_Model_140_Stepping_1_GenuineIntel-3.12.3-64\.lock, waiting 0.05 seconds ...
DEBUG:filelock:Attempting to acquire lock 1409421423248 on C:\Users\gregk\AppData\Local\PyTensor\compiledir_Windows-11-10.0.26100-SP0-Intel64_Family_6_Model_140_Stepping_1_GenuineIntel-3.12.3-64\.lock
DEBUG:filelock:Lock 1409421423248 not acquired on C:\Users\gregk\AppData\Local\PyTensor\compiledir_Windows-11-10.0.26100-SP0-Intel64_Family_6_Model_140_Stepping_1_GenuineIntel-3.12.3-64\.lock, waiting 0.05 seconds ...
DEBUG:filelock:Attempting to acquire lock 1409421423248 on C:\Users\gregk\AppData\Local\PyTensor\compiledir_Windows-11-10.0.26100-SP0-Intel64_Family_6_Model_140_Stepping_1_GenuineIntel-3.12.3-64\.lock
DEBUG:filelock:Lock 1409421423248 not acquired on C:\Users\gregk\AppData\Local\PyTensor\compiledir_Windows-11-10.0.26100-SP0-Intel64_Family_6_Model_140_Stepping_1_GenuineIntel-3.12.3-64\.lock, waiting 0.05 seconds ...
DEBUG:filelock:Attempting to acquire lock 1409421423248 on C:\Users\gregk\AppData\Local\PyTensor\compiledir_Windows-11-10.0.26100-SP0-Intel64_Family_6_Model_140_Stepping_1_GenuineIntel-3.12.3-64\.lock
DEBUG:filelock:Lock 1409421423248 not acquired on C:\Users\gregk\AppData\Local\PyTensor\compiledir_Windows-11-10.0.26100-SP0-Intel64_Family_6_Model_140_Stepping_1_GenuineIntel-3.12.3-64\.lock, waiting 0.05 seconds ...
DEBUG:filelock:Attempting to acquire lock 1409421423248 on C:\Users\gregk\AppData\Local\PyTensor\compiledir_Windows-11-10.0.26100-SP0-Intel64_Family_6_Model_140_Stepping_1_GenuineIntel-3.12.3-64\.lock
DEBUG:filelock:Lock 1409421423248 not acquired on C:\Users\gregk\AppData\Local\PyTensor\compiledir_Windows-11-10.0.26100-SP0-Intel64_Family_6_Model_140_Stepping_1_GenuineIntel-3.12.3-64\.lock, waiting 0.05 seconds ...
DEBUG:filelock:Attempting to acquire lock 1409421423248 on C:\Users\gregk\AppData\Local\PyTensor\compiledir_Windows-11-10.0.26100-SP0-Intel64_Family_6_Model_140_Stepping_1_GenuineIntel-3.12.3-64\.lock
DEBUG:filelock:Lock 1409421423248 not acquired on C:\Users\gregk\AppData\Local\PyTensor\compiledir_Windows-11-10.0.26100-SP0-Intel64_Family_6_Model_140_Stepping_1_GenuineIntel-3.12.3-64\.lock, waiting 0.05 seconds ...
DEBUG:filelock:Attempting to acquire lock 1409421423248 on C:\Users\gregk\AppData\Local\PyTensor\compiledir_Windows-11-10.0.26100-SP0-Intel64_Family_6_Model_140_Stepping_1_GenuineIntel-3.12.3-64\.lock
DEBUG:filelock:Lock 1409421423248 not acquired on C:\Users\gregk\AppData\Local\PyTensor\compiledir_Windows-11-10.0.26100-SP0-Intel64_Family_6_Model_140_Stepping_1_GenuineIntel-3.12.3-64\.lock, waiting 0.05 seconds ...
DEBUG:filelock:Attempting to acquire lock 1409421423248 on C:\Users\gregk\AppData\Local\PyTensor\compiledir_Windows-11-10.0.26100-SP0-Intel64_Family_6_Model_140_Stepping_1_GenuineIntel-3.12.3-64\.lock
DEBUG:filelock:Lock 1409421423248 not acquired on C:\Users\gregk\AppData\Local\PyTensor\compiledir_Windows-11-10.0.26100-SP0-Intel64_Family_6_Model_140_Stepping_1_GenuineIntel-3.12.3-64\.lock, waiting 0.05 seconds ...
DEBUG:filelock:Attempting to acquire lock 1409421423248 on C:\Users\gregk\AppData\Local\PyTensor\compiledir_Windows-11-10.0.26100-SP0-Intel64_Family_6_Model_140_Stepping_1_GenuineIntel-3.12.3-64\.lock
DEBUG:filelock:Lock 1409421423248 not acquired on C:\Users\gregk\AppData\Local\PyTensor\compiledir_Windows-11-10.0.26100-SP0-Intel64_Family_6_Model_140_Stepping_1_GenuineIntel-3.12.3-64\.lock, waiting 0.05 seconds ...
DEBUG:filelock:Attempting to acquire lock 1409421423248 on C:\Users\gregk\AppData\Local\PyTensor\compiledir_Windows-11-10.0.26100-SP0-Intel64_Family_6_Model_140_Stepping_1_GenuineIntel-3.12.3-64\.lock
DEBUG:filelock:Lock 1409421423248 not acquired on C:\Users\gregk\AppData\Local\PyTensor\compiledir_Windows-11-10.0.26100-SP0-Intel64_Family_6_Model_140_Stepping_1_GenuineIntel-3.12.3-64\.lock, waiting 0.05 seconds ...
DEBUG:filelock:Attempting to acquire lock 1409421423248 on C:\Users\gregk\AppData\Local\PyTensor\compiledir_Windows-11-10.0.26100-SP0-Intel64_Family_6_Model_140_Stepping_1_GenuineIntel-3.12.3-64\.lock
DEBUG:filelock:Lock 1409421423248 not acquired on C:\Users\gregk\AppData\Local\PyTensor\compiledir_Windows-11-10.0.26100-SP0-Intel64_Family_6_Model_140_Stepping_1_GenuineIntel-3.12.3-64\.lock, waiting 0.05 seconds ...
DEBUG:filelock:Attempting to acquire lock 1409421423248 on C:\Users\gregk\AppData\Local\PyTensor\compiledir_Windows-11-10.0.26100-SP0-Intel64_Family_6_Model_140_Stepping_1_GenuineIntel-3.12.3-64\.lock
DEBUG:filelock:Lock 1409421423248 not acquired on C:\Users\gregk\AppData\Local\PyTensor\compiledir_Windows-11-10.0.26100-SP0-Intel64_Family_6_Model_140_Stepping_1_GenuineIntel-3.12.3-64\.lock, waiting 0.05 seconds ...
DEBUG:filelock:Attempting to acquire lock 1409421423248 on C:\Users\gregk\AppData\Local\PyTensor\compiledir_Windows-11-10.0.26100-SP0-Intel64_Family_6_Model_140_Stepping_1_GenuineIntel-3.12.3-64\.lock
DEBUG:filelock:Lock 1409421423248 not acquired on C:\Users\gregk\AppData\Local\PyTensor\compiledir_Windows-11-10.0.26100-SP0-Intel64_Family_6_Model_140_Stepping_1_GenuineIntel-3.12.3-64\.lock, waiting 0.05 seconds ...
DEBUG:filelock:Attempting to acquire lock 1409421423248 on C:\Users\gregk\AppData\Local\PyTensor\compiledir_Windows-11-10.0.26100-SP0-Intel64_Family_6_Model_140_Stepping_1_GenuineIntel-3.12.3-64\.lock
DEBUG:filelock:Lock 1409421423248 not acquired on C:\Users\gregk\AppData\Local\PyTensor\compiledir_Windows-11-10.0.26100-SP0-Intel64_Family_6_Model_140_Stepping_1_GenuineIntel-3.12.3-64\.lock, waiting 0.05 seconds ...
DEBUG:filelock:Attempting to acquire lock 1409421423248 on C:\Users\gregk\AppData\Local\PyTensor\compiledir_Windows-11-10.0.26100-SP0-Intel64_Family_6_Model_140_Stepping_1_GenuineIntel-3.12.3-64\.lock
DEBUG:filelock:Lock 1409421423248 not acquired on C:\Users\gregk\AppData\Local\PyTensor\compiledir_Windows-11-10.0.26100-SP0-Intel64_Family_6_Model_140_Stepping_1_GenuineIntel-3.12.3-64\.lock, waiting 0.05 seconds ...
DEBUG:filelock:Attempting to acquire lock 1409421423248 on C:\Users\gregk\AppData\Local\PyTensor\compiledir_Windows-11-10.0.26100-SP0-Intel64_Family_6_Model_140_Stepping_1_GenuineIntel-3.12.3-64\.lock
DEBUG:filelock:Lock 1409421423248 not acquired on C:\Users\gregk\AppData\Local\PyTensor\compiledir_Windows-11-10.0.26100-SP0-Intel64_Family_6_Model_140_Stepping_1_GenuineIntel-3.12.3-64\.lock, waiting 0.05 seconds ...
DEBUG:filelock:Attempting to acquire lock 1409421423248 on C:\Users\gregk\AppData\Local\PyTensor\compiledir_Windows-11-10.0.26100-SP0-Intel64_Family_6_Model_140_Stepping_1_GenuineIntel-3.12.3-64\.lock
DEBUG:filelock:Lock 1409421423248 not acquired on C:\Users\gregk\AppData\Local\PyTensor\compiledir_Windows-11-10.0.26100-SP0-Intel64_Family_6_Model_140_Stepping_1_GenuineIntel-3.12.3-64\.lock, waiting 0.05 seconds ...
DEBUG:filelock:Attempting to acquire lock 1409421423248 on C:\Users\gregk\AppData\Local\PyTensor\compiledir_Windows-11-10.0.26100-SP0-Intel64_Family_6_Model_140_Stepping_1_GenuineIntel-3.12.3-64\.lock
DEBUG:filelock:Lock 1409421423248 not acquired on C:\Users\gregk\AppData\Local\PyTensor\compiledir_Windows-11-10.0.26100-SP0-Intel64_Family_6_Model_140_Stepping_1_GenuineIntel-3.12.3-64\.lock, waiting 0.05 seconds ...
DEBUG:filelock:Attempting to acquire lock 1409421423248 on C:\Users\gregk\AppData\Local\PyTensor\compiledir_Windows-11-10.0.26100-SP0-Intel64_Family_6_Model_140_Stepping_1_GenuineIntel-3.12.3-64\.lock
DEBUG:filelock:Lock 1409421423248 not acquired on C:\Users\gregk\AppData\Local\PyTensor\compiledir_Windows-11-10.0.26100-SP0-Intel64_Family_6_Model_140_Stepping_1_GenuineIntel-3.12.3-64\.lock, waiting 0.05 seconds ...
DEBUG:filelock:Attempting to acquire lock 1409421423248 on C:\Users\gregk\AppData\Local\PyTensor\compiledir_Windows-11-10.0.26100-SP0-Intel64_Family_6_Model_140_Stepping_1_GenuineIntel-3.12.3-64\.lock
DEBUG:filelock:Lock 1409421423248 not acquired on C:\Users\gregk\AppData\Local\PyTensor\compiledir_Windows-11-10.0.26100-SP0-Intel64_Family_6_Model_140_Stepping_1_GenuineIntel-3.12.3-64\.lock, waiting 0.05 seconds ...
DEBUG:filelock:Attempting to acquire lock 1409421423248 on C:\Users\gregk\AppData\Local\PyTensor\compiledir_Windows-11-10.0.26100-SP0-Intel64_Family_6_Model_140_Stepping_1_GenuineIntel-3.12.3-64\.lock
DEBUG:filelock:Lock 1409421423248 not acquired on C:\Users\gregk\AppData\Local\PyTensor\compiledir_Windows-11-10.0.26100-SP0-Intel64_Family_6_Model_140_Stepping_1_GenuineIntel-3.12.3-64\.lock, waiting 0.05 seconds ...
DEBUG:filelock:Attempting to acquire lock 1409421423248 on C:\Users\gregk\AppData\Local\PyTensor\compiledir_Windows-11-10.0.26100-SP0-Intel64_Family_6_Model_140_Stepping_1_GenuineIntel-3.12.3-64\.lock
DEBUG:filelock:Lock 1409421423248 not acquired on C:\Users\gregk\AppData\Local\PyTensor\compiledir_Windows-11-10.0.26100-SP0-Intel64_Family_6_Model_140_Stepping_1_GenuineIntel-3.12.3-64\.lock, waiting 0.05 seconds ...
DEBUG:filelock:Attempting to acquire lock 1409421423248 on C:\Users\gregk\AppData\Local\PyTensor\compiledir_Windows-11-10.0.26100-SP0-Intel64_Family_6_Model_140_Stepping_1_GenuineIntel-3.12.3-64\.lock
DEBUG:filelock:Lock 1409421423248 not acquired on C:\Users\gregk\AppData\Local\PyTensor\compiledir_Windows-11-10.0.26100-SP0-Intel64_Family_6_Model_140_Stepping_1_GenuineIntel-3.12.3-64\.lock, waiting 0.05 seconds ...
DEBUG:filelock:Attempting to acquire lock 1409421423248 on C:\Users\gregk\AppData\Local\PyTensor\compiledir_Windows-11-10.0.26100-SP0-Intel64_Family_6_Model_140_Stepping_1_GenuineIntel-3.12.3-64\.lock
DEBUG:filelock:Lock 1409421423248 not acquired on C:\Users\gregk\AppData\Local\PyTensor\compiledir_Windows-11-10.0.26100-SP0-Intel64_Family_6_Model_140_Stepping_1_GenuineIntel-3.12.3-64\.lock, waiting 0.05 seconds ...
DEBUG:filelock:Attempting to acquire lock 1409421423248 on C:\Users\gregk\AppData\Local\PyTensor\compiledir_Windows-11-10.0.26100-SP0-Intel64_Family_6_Model_140_Stepping_1_GenuineIntel-3.12.3-64\.lock
DEBUG:filelock:Lock 1409421423248 not acquired on C:\Users\gregk\AppData\Local\PyTensor\compiledir_Windows-11-10.0.26100-SP0-Intel64_Family_6_Model_140_Stepping_1_GenuineIntel-3.12.3-64\.lock, waiting 0.05 seconds ...
DEBUG:filelock:Attempting to acquire lock 1409421423248 on C:\Users\gregk\AppData\Local\PyTensor\compiledir_Windows-11-10.0.26100-SP0-Intel64_Family_6_Model_140_Stepping_1_GenuineIntel-3.12.3-64\.lock
DEBUG:filelock:Lock 1409421423248 not acquired on C:\Users\gregk\AppData\Local\PyTensor\compiledir_Windows-11-10.0.26100-SP0-Intel64_Family_6_Model_140_Stepping_1_GenuineIntel-3.12.3-64\.lock, waiting 0.05 seconds ...
DEBUG:filelock:Attempting to acquire lock 1409421423248 on C:\Users\gregk\AppData\Local\PyTensor\compiledir_Windows-11-10.0.26100-SP0-Intel64_Family_6_Model_140_Stepping_1_GenuineIntel-3.12.3-64\.lock
DEBUG:filelock:Lock 1409421423248 not acquired on C:\Users\gregk\AppData\Local\PyTensor\compiledir_Windows-11-10.0.26100-SP0-Intel64_Family_6_Model_140_Stepping_1_GenuineIntel-3.12.3-64\.lock, waiting 0.05 seconds ...
DEBUG:filelock:Attempting to acquire lock 1409421423248 on C:\Users\gregk\AppData\Local\PyTensor\compiledir_Windows-11-10.0.26100-SP0-Intel64_Family_6_Model_140_Stepping_1_GenuineIntel-3.12.3-64\.lock
DEBUG:filelock:Lock 1409421423248 not acquired on C:\Users\gregk\AppData\Local\PyTensor\compiledir_Windows-11-10.0.26100-SP0-Intel64_Family_6_Model_140_Stepping_1_GenuineIntel-3.12.3-64\.lock, waiting 0.05 seconds ...
DEBUG:filelock:Attempting to acquire lock 1409421423248 on C:\Users\gregk\AppData\Local\PyTensor\compiledir_Windows-11-10.0.26100-SP0-Intel64_Family_6_Model_140_Stepping_1_GenuineIntel-3.12.3-64\.lock
DEBUG:filelock:Lock 1409421423248 not acquired on C:\Users\gregk\AppData\Local\PyTensor\compiledir_Windows-11-10.0.26100-SP0-Intel64_Family_6_Model_140_Stepping_1_GenuineIntel-3.12.3-64\.lock, waiting 0.05 seconds ...
DEBUG:filelock:Attempting to acquire lock 1409421423248 on C:\Users\gregk\AppData\Local\PyTensor\compiledir_Windows-11-10.0.26100-SP0-Intel64_Family_6_Model_140_Stepping_1_GenuineIntel-3.12.3-64\.lock
DEBUG:filelock:Lock 1409421423248 not acquired on C:\Users\gregk\AppData\Local\PyTensor\compiledir_Windows-11-10.0.26100-SP0-Intel64_Family_6_Model_140_Stepping_1_GenuineIntel-3.12.3-64\.lock, waiting 0.05 seconds ...
DEBUG:filelock:Attempting to acquire lock 1409421423248 on C:\Users\gregk\AppData\Local\PyTensor\compiledir_Windows-11-10.0.26100-SP0-Intel64_Family_6_Model_140_Stepping_1_GenuineIntel-3.12.3-64\.lock
DEBUG:filelock:Lock 1409421423248 not acquired on C:\Users\gregk\AppData\Local\PyTensor\compiledir_Windows-11-10.0.26100-SP0-Intel64_Family_6_Model_140_Stepping_1_GenuineIntel-3.12.3-64\.lock, waiting 0.05 seconds ...
DEBUG:filelock:Attempting to acquire lock 1409421423248 on C:\Users\gregk\AppData\Local\PyTensor\compiledir_Windows-11-10.0.26100-SP0-Intel64_Family_6_Model_140_Stepping_1_GenuineIntel-3.12.3-64\.lock
DEBUG:filelock:Lock 1409421423248 not acquired on C:\Users\gregk\AppData\Local\PyTensor\compiledir_Windows-11-10.0.26100-SP0-Intel64_Family_6_Model_140_Stepping_1_GenuineIntel-3.12.3-64\.lock, waiting 0.05 seconds ...
DEBUG:filelock:Attempting to acquire lock 1409421423248 on C:\Users\gregk\AppData\Local\PyTensor\compiledir_Windows-11-10.0.26100-SP0-Intel64_Family_6_Model_140_Stepping_1_GenuineIntel-3.12.3-64\.lock
DEBUG:filelock:Lock 1409421423248 not acquired on C:\Users\gregk\AppData\Local\PyTensor\compiledir_Windows-11-10.0.26100-SP0-Intel64_Family_6_Model_140_Stepping_1_GenuineIntel-3.12.3-64\.lock, waiting 0.05 seconds ...
DEBUG:filelock:Attempting to acquire lock 1409421423248 on C:\Users\gregk\AppData\Local\PyTensor\compiledir_Windows-11-10.0.26100-SP0-Intel64_Family_6_Model_140_Stepping_1_GenuineIntel-3.12.3-64\.lock
DEBUG:filelock:Lock 1409421423248 not acquired on C:\Users\gregk\AppData\Local\PyTensor\compiledir_Windows-11-10.0.26100-SP0-Intel64_Family_6_Model_140_Stepping_1_GenuineIntel-3.12.3-64\.lock, waiting 0.05 seconds ...
DEBUG:filelock:Attempting to acquire lock 1409421423248 on C:\Users\gregk\AppData\Local\PyTensor\compiledir_Windows-11-10.0.26100-SP0-Intel64_Family_6_Model_140_Stepping_1_GenuineIntel-3.12.3-64\.lock
DEBUG:filelock:Lock 1409421423248 not acquired on C:\Users\gregk\AppData\Local\PyTensor\compiledir_Windows-11-10.0.26100-SP0-Intel64_Family_6_Model_140_Stepping_1_GenuineIntel-3.12.3-64\.lock, waiting 0.05 seconds ...
DEBUG:filelock:Attempting to acquire lock 1409421423248 on C:\Users\gregk\AppData\Local\PyTensor\compiledir_Windows-11-10.0.26100-SP0-Intel64_Family_6_Model_140_Stepping_1_GenuineIntel-3.12.3-64\.lock
DEBUG:filelock:Lock 1409421423248 not acquired on C:\Users\gregk\AppData\Local\PyTensor\compiledir_Windows-11-10.0.26100-SP0-Intel64_Family_6_Model_140_Stepping_1_GenuineIntel-3.12.3-64\.lock, waiting 0.05 seconds ...
DEBUG:filelock:Attempting to acquire lock 1409421423248 on C:\Users\gregk\AppData\Local\PyTensor\compiledir_Windows-11-10.0.26100-SP0-Intel64_Family_6_Model_140_Stepping_1_GenuineIntel-3.12.3-64\.lock
DEBUG:filelock:Lock 1409421423248 acquired on C:\Users\gregk\AppData\Local\PyTensor\compiledir_Windows-11-10.0.26100-SP0-Intel64_Family_6_Model_140_Stepping_1_GenuineIntel-3.12.3-64\.lock
DEBUG:filelock:Attempting to release lock 1409421423248 on C:\Users\gregk\AppData\Local\PyTensor\compiledir_Windows-11-10.0.26100-SP0-Intel64_Family_6_Model_140_Stepping_1_GenuineIntel-3.12.3-64\.lock
DEBUG:filelock:Lock 1409421423248 released on C:\Users\gregk\AppData\Local\PyTensor\compiledir_Windows-11-10.0.26100-SP0-Intel64_Family_6_Model_140_Stepping_1_GenuineIntel-3.12.3-64\.lock
