DEBUG:packaged_shooting._model_ivp:Shooting API, l_gamma_d: [15000. 17000.]
INFO:packaged_shooting._model_ivp:shooting converged. l2loss: 1.3945e-02, zero_eq: -1.4616e+01, zero_eq/P: -4.0601e-06
DEBUG:packaged_shooting._model_ivp:Shooting API, l_gamma_d: [15000. 17000.]
INFO:packaged_shooting._model_ivp:shooting converged. l2loss: 1.3945e-02, zero_eq: -1.4616e+01, zero_eq/P: -4.0601e-06
DEBUG:filelock:Attempting to acquire lock 2876761179296 on C:\Users\gregk\AppData\Local\PyTensor\compiledir_Windows-11-10.0.26100-SP0-Intel64_Family_6_Model_140_Stepping_1_GenuineIntel-3.12.3-64\.lock
DEBUG:filelock:Lock 2876761179296 acquired on C:\Users\gregk\AppData\Local\PyTensor\compiledir_Windows-11-10.0.26100-SP0-Intel64_Family_6_Model_140_Stepping_1_GenuineIntel-3.12.3-64\.lock
DEBUG:filelock:Attempting to release lock 2876761179296 on C:\Users\gregk\AppData\Local\PyTensor\compiledir_Windows-11-10.0.26100-SP0-Intel64_Family_6_Model_140_Stepping_1_GenuineIntel-3.12.3-64\.lock
DEBUG:filelock:Lock 2876761179296 released on C:\Users\gregk\AppData\Local\PyTensor\compiledir_Windows-11-10.0.26100-SP0-Intel64_Family_6_Model_140_Stepping_1_GenuineIntel-3.12.3-64\.lock
DEBUG:filelock:Attempting to acquire lock 2876753442624 on C:\Users\gregk\AppData\Local\PyTensor\compiledir_Windows-11-10.0.26100-SP0-Intel64_Family_6_Model_140_Stepping_1_GenuineIntel-3.12.3-64\.lock
DEBUG:filelock:Lock 2876753442624 acquired on C:\Users\gregk\AppData\Local\PyTensor\compiledir_Windows-11-10.0.26100-SP0-Intel64_Family_6_Model_140_Stepping_1_GenuineIntel-3.12.3-64\.lock
DEBUG:filelock:Attempting to release lock 2876753442624 on C:\Users\gregk\AppData\Local\PyTensor\compiledir_Windows-11-10.0.26100-SP0-Intel64_Family_6_Model_140_Stepping_1_GenuineIntel-3.12.3-64\.lock
DEBUG:filelock:Lock 2876753442624 released on C:\Users\gregk\AppData\Local\PyTensor\compiledir_Windows-11-10.0.26100-SP0-Intel64_Family_6_Model_140_Stepping_1_GenuineIntel-3.12.3-64\.lock
DEBUG:packaged_shooting._model_ivp:Shooting API, l_gamma_d: l_gamma_d
DEBUG:packaged_shooting._model_ivp:Shooting API, l_gamma_d: [14500. 18000.]
INFO:packaged_shooting._model_ivp:shooting converged. l2loss: 1.3382e-02, zero_eq: -1.3434e+01, zero_eq/P: -3.7318e-06
DEBUG:packaged_shooting._model_ivp:Shooting API, l_gamma_d: [15000 17000]
INFO:packaged_shooting._model_ivp:shooting converged. l2loss: 1.3945e-02, zero_eq: -1.4616e+01, zero_eq/P: -4.0601e-06
INFO:pymc.sampling.forward:Sampling: [l_gamma_d, likelihood]
DEBUG:packaged_shooting._model_ivp:Shooting API, l_gamma_d: [12808.1292533  14906.74475826]
INFO:packaged_shooting._model_ivp:shooting converged. l2loss: 1.1553e-02, zero_eq: 8.3088e-01, zero_eq/P: 2.3080e-07
DEBUG:packaged_shooting._model_ivp:Shooting API, l_gamma_d: [12427.49091771 16010.67031283]
INFO:packaged_shooting._model_ivp:shooting converged. l2loss: 1.1139e-02, zero_eq: 3.6487e+00, zero_eq/P: 1.0135e-06
DEBUG:packaged_shooting._model_ivp:Shooting API, l_gamma_d: [19420.20317419 14365.05835455]
INFO:packaged_shooting._model_ivp:shooting converged. l2loss: 1.6022e-02, zero_eq: 3.7084e+00, zero_eq/P: 1.0301e-06
DEBUG:packaged_shooting._model_ivp:Shooting API, l_gamma_d: [12411.84267239 16879.22367805]
INFO:packaged_shooting._model_ivp:shooting converged. l2loss: 1.1076e-02, zero_eq: 2.1326e+01, zero_eq/P: 5.9240e-06
DEBUG:packaged_shooting._model_ivp:Shooting API, l_gamma_d: [17355.69897693 15684.0671713 ]
INFO:packaged_shooting._model_ivp:shooting converged. l2loss: 1.7078e-02, zero_eq: -3.5683e+01, zero_eq/P: -9.9120e-06
DEBUG:packaged_shooting._model_ivp:Shooting API, l_gamma_d: [19259.68742485 18847.70324044]
INFO:packaged_shooting._model_ivp:shooting converged. l2loss: 1.5998e-02, zero_eq: -1.9827e+02, zero_eq/P: -5.5074e-05
DEBUG:packaged_shooting._model_ivp:Shooting API, l_gamma_d: [15720.91472679 14973.26320559]
INFO:packaged_shooting._model_ivp:shooting converged. l2loss: 1.4823e-02, zero_eq: -3.2585e+01, zero_eq/P: -9.0513e-06
DEBUG:packaged_shooting._model_ivp:Shooting API, l_gamma_d: [15418.15320152 19246.55391011]
INFO:packaged_shooting._model_ivp:shooting converged. l2loss: 1.4481e-02, zero_eq: -1.8933e+01, zero_eq/P: -5.2591e-06
DEBUG:packaged_shooting._model_ivp:Shooting API, l_gamma_d: [15632.82966066 17094.24430672]
INFO:packaged_shooting._model_ivp:shooting converged. l2loss: 1.4828e-02, zero_eq: 3.7187e+01, zero_eq/P: 1.0330e-05
DEBUG:packaged_shooting._model_ivp:Shooting API, l_gamma_d: [15510.73200703 18331.02204904]
INFO:packaged_shooting._model_ivp:shooting converged. l2loss: 1.4578e-02, zero_eq: 3.0955e-02, zero_eq/P: 8.5986e-09
DEBUG:packaged_shooting._model_ivp:Shooting API, l_gamma_d: [11441.96410478 15184.46566306]
INFO:packaged_shooting._model_ivp:shooting converged. l2loss: 1.0246e-02, zero_eq: -4.5569e+00, zero_eq/P: -1.2658e-06
DEBUG:packaged_shooting._model_ivp:Shooting API, l_gamma_d: [11320.28606125 20921.75872013]
INFO:packaged_shooting._model_ivp:shooting converged. l2loss: 9.6921e-03, zero_eq: 1.4487e+00, zero_eq/P: 4.0241e-07
DEBUG:packaged_shooting._model_ivp:Shooting API, l_gamma_d: [ 9625.15820002 17443.9423554 ]
INFO:packaged_shooting._model_ivp:shooting converged. l2loss: 7.9196e-03, zero_eq: -4.9070e+00, zero_eq/P: -1.3631e-06
DEBUG:packaged_shooting._model_ivp:Shooting API, l_gamma_d: [14230.93361478 17959.99154651]
INFO:packaged_shooting._model_ivp:shooting converged. l2loss: 1.3068e-02, zero_eq: -9.1018e+00, zero_eq/P: -2.5283e-06
DEBUG:packaged_shooting._model_ivp:Shooting API, l_gamma_d: [15281.61791281 18167.51508854]
INFO:packaged_shooting._model_ivp:shooting converged. l2loss: 1.4343e-02, zero_eq: 8.5219e+00, zero_eq/P: 2.3672e-06
DEBUG:packaged_shooting._model_ivp:Shooting API, l_gamma_d: [14454.62751488 23369.84682115]
INFO:packaged_shooting._model_ivp:shooting converged. l2loss: 1.3594e-02, zero_eq: -5.2457e+00, zero_eq/P: -1.4571e-06
DEBUG:packaged_shooting._model_ivp:Shooting API, l_gamma_d: [13437.26392543 23684.38754228]
INFO:packaged_shooting._model_ivp:shooting converged. l2loss: 1.2258e-02, zero_eq: 5.1370e+00, zero_eq/P: 1.4270e-06
DEBUG:packaged_shooting._model_ivp:Shooting API, l_gamma_d: [16422.95267982 21336.38783566]
INFO:packaged_shooting._model_ivp:shooting converged. l2loss: 1.6105e-02, zero_eq: 1.4074e+00, zero_eq/P: 3.9093e-07
DEBUG:packaged_shooting._model_ivp:Shooting API, l_gamma_d: [18071.80451277 20091.27006242]
INFO:packaged_shooting._model_ivp:shooting converged. l2loss: 1.6329e-02, zero_eq: 1.7727e+01, zero_eq/P: 4.9241e-06
DEBUG:packaged_shooting._model_ivp:Shooting API, l_gamma_d: [14020.30311946 21485.62696973]
INFO:packaged_shooting._model_ivp:shooting converged. l2loss: 1.2813e-02, zero_eq: 4.2857e+01, zero_eq/P: 1.1905e-05
DEBUG:packaged_shooting._model_ivp:Shooting API, l_gamma_d: [15440.00381789 16484.60930953]
INFO:packaged_shooting._model_ivp:shooting converged. l2loss: 1.4653e-02, zero_eq: -5.3989e+00, zero_eq/P: -1.4997e-06
DEBUG:packaged_shooting._model_ivp:Shooting API, l_gamma_d: [15975.53459548 19846.88043147]
INFO:packaged_shooting._model_ivp:shooting converged. l2loss: 1.5285e-02, zero_eq: -1.5054e+00, zero_eq/P: -4.1817e-07
DEBUG:packaged_shooting._model_ivp:Shooting API, l_gamma_d: [11574.72108354 19395.39314888]
INFO:packaged_shooting._model_ivp:shooting converged. l2loss: 1.0066e-02, zero_eq: 8.4984e-02, zero_eq/P: 2.3607e-08
DEBUG:packaged_shooting._model_ivp:Shooting API, l_gamma_d: [20233.89898243 13538.65095002]
INFO:packaged_shooting._model_ivp:shooting converged. l2loss: 1.6047e-02, zero_eq: -1.4546e+01, zero_eq/P: -4.0406e-06
DEBUG:packaged_shooting._model_ivp:Shooting API, l_gamma_d: [13294.1127459  15321.84189445]
INFO:packaged_shooting._model_ivp:shooting converged. l2loss: 1.2142e-02, zero_eq: 1.0255e+01, zero_eq/P: 2.8487e-06
DEBUG:packaged_shooting._model_ivp:Shooting API, l_gamma_d: [13612.48565665 16725.31941232]
INFO:packaged_shooting._model_ivp:shooting converged. l2loss: 1.2342e-02, zero_eq: -8.7104e+00, zero_eq/P: -2.4196e-06
DEBUG:packaged_shooting._model_ivp:Shooting API, l_gamma_d: [15074.72793758 20088.48496315]
INFO:packaged_shooting._model_ivp:shooting converged. l2loss: 1.4244e-02, zero_eq: 1.7854e+01, zero_eq/P: 4.9596e-06
DEBUG:packaged_shooting._model_ivp:Shooting API, l_gamma_d: [13765.66878094 15017.06526048]
INFO:packaged_shooting._model_ivp:shooting converged. l2loss: 1.2695e-02, zero_eq: -8.0691e-02, zero_eq/P: -2.2414e-08
DEBUG:packaged_shooting._model_ivp:Shooting API, l_gamma_d: [11482.93045461 20808.35676396]
INFO:packaged_shooting._model_ivp:shooting converged. l2loss: 9.8710e-03, zero_eq: 9.2491e-01, zero_eq/P: 2.5692e-07
DEBUG:packaged_shooting._model_ivp:Shooting API, l_gamma_d: [10813.49802975 16039.32665684]
INFO:packaged_shooting._model_ivp:shooting converged. l2loss: 9.3628e-03, zero_eq: 2.7037e+00, zero_eq/P: 7.5104e-07
DEBUG:packaged_shooting._model_ivp:Shooting API, l_gamma_d: [15721.33944134 17268.13066901]
INFO:packaged_shooting._model_ivp:shooting converged. l2loss: 1.4895e-02, zero_eq: -5.2030e+00, zero_eq/P: -1.4453e-06
DEBUG:packaged_shooting._model_ivp:Shooting API, l_gamma_d: [14787.42586909 17905.63317038]
INFO:packaged_shooting._model_ivp:shooting converged. l2loss: 1.3845e-02, zero_eq: 6.2627e+00, zero_eq/P: 1.7396e-06
DEBUG:packaged_shooting._model_ivp:Shooting API, l_gamma_d: [14056.20184099 18740.0516158 ]
INFO:packaged_shooting._model_ivp:shooting converged. l2loss: 1.2958e-02, zero_eq: -7.6909e-01, zero_eq/P: -2.1364e-07
DEBUG:packaged_shooting._model_ivp:Shooting API, l_gamma_d: [12693.2217615  19497.20077228]
INFO:packaged_shooting._model_ivp:shooting converged. l2loss: 1.1539e-02, zero_eq: -1.9792e+01, zero_eq/P: -5.4979e-06
DEBUG:packaged_shooting._model_ivp:Shooting API, l_gamma_d: [10300.08640959 17341.37982272]
INFO:packaged_shooting._model_ivp:shooting converged. l2loss: 8.6977e-03, zero_eq: 8.3665e+00, zero_eq/P: 2.3240e-06
DEBUG:packaged_shooting._model_ivp:Shooting API, l_gamma_d: [10834.27222563 14825.80376571]
INFO:packaged_shooting._model_ivp:shooting converged. l2loss: 9.5394e-03, zero_eq: 1.8952e-01, zero_eq/P: 5.2646e-08
DEBUG:packaged_shooting._model_ivp:Shooting API, l_gamma_d: [13467.89378372 17159.07526235]
INFO:packaged_shooting._model_ivp:shooting converged. l2loss: 1.2189e-02, zero_eq: -7.7324e+01, zero_eq/P: -2.1479e-05
DEBUG:packaged_shooting._model_ivp:Shooting API, l_gamma_d: [14852.70650908 16783.72976569]
INFO:packaged_shooting._model_ivp:shooting converged. l2loss: 1.3817e-02, zero_eq: -1.1970e+01, zero_eq/P: -3.3251e-06
DEBUG:packaged_shooting._model_ivp:Shooting API, l_gamma_d: [20574.34101283 14833.88994847]
INFO:packaged_shooting._model_ivp:shooting converged. l2loss: 1.6011e-02, zero_eq: -1.1548e+02, zero_eq/P: -3.2077e-05
DEBUG:packaged_shooting._model_ivp:Shooting API, l_gamma_d: [17083.19784327 19275.93780983]
INFO:packaged_shooting._model_ivp:shooting converged. l2loss: 1.6683e-02, zero_eq: 5.4315e-01, zero_eq/P: 1.5088e-07
DEBUG:packaged_shooting._model_ivp:Shooting API, l_gamma_d: [14180.30228495 18907.26249551]
INFO:packaged_shooting._model_ivp:shooting converged. l2loss: 1.3235e-02, zero_eq: 4.8791e+00, zero_eq/P: 1.3553e-06
DEBUG:packaged_shooting._model_ivp:Shooting API, l_gamma_d: [12217.16841063 17237.19166013]
INFO:packaged_shooting._model_ivp:shooting converged. l2loss: 1.0771e-02, zero_eq: -2.0711e+00, zero_eq/P: -5.7529e-07
DEBUG:packaged_shooting._model_ivp:Shooting API, l_gamma_d: [14040.31050576 14466.29281214]
INFO:packaged_shooting._model_ivp:shooting converged. l2loss: 1.2884e-02, zero_eq: -2.0286e+00, zero_eq/P: -5.6351e-07
DEBUG:packaged_shooting._model_ivp:Shooting API, l_gamma_d: [10182.5106145  13783.46870672]
INFO:packaged_shooting._model_ivp:shooting converged. l2loss: 9.1566e-03, zero_eq: -1.4481e-01, zero_eq/P: -4.0226e-08
DEBUG:packaged_shooting._model_ivp:Shooting API, l_gamma_d: [13965.59199174 20014.19757655]
INFO:packaged_shooting._model_ivp:shooting converged. l2loss: 1.2738e-02, zero_eq: -3.8400e+00, zero_eq/P: -1.0667e-06
DEBUG:packaged_shooting._model_ivp:Shooting API, l_gamma_d: [14542.00876892 18010.72029395]
INFO:packaged_shooting._model_ivp:shooting converged. l2loss: 1.3450e-02, zero_eq: -8.3063e+00, zero_eq/P: -2.3073e-06
DEBUG:packaged_shooting._model_ivp:Shooting API, l_gamma_d: [11122.90004987 18742.37983973]
INFO:packaged_shooting._model_ivp:shooting converged. l2loss: 9.6493e-03, zero_eq: 4.9379e+00, zero_eq/P: 1.3716e-06
DEBUG:packaged_shooting._model_ivp:Shooting API, l_gamma_d: [13173.11915477 17630.45368553]
INFO:packaged_shooting._model_ivp:shooting converged. l2loss: 1.1940e-02, zero_eq: 7.3357e+00, zero_eq/P: 2.0377e-06
DEBUG:packaged_shooting._model_ivp:Shooting API, l_gamma_d: [15613.85364057 22330.09484058]
INFO:packaged_shooting._model_ivp:shooting converged. l2loss: 1.4884e-02, zero_eq: 5.4295e+00, zero_eq/P: 1.5082e-06
DEBUG:packaged_shooting._model_ivp:Shooting API, l_gamma_d: [13843.5722269  12833.04172209]
INFO:packaged_shooting._model_ivp:shooting converged. l2loss: 1.2864e-02, zero_eq: -5.6828e+00, zero_eq/P: -1.5785e-06
DEBUG:packaged_shooting._model_ivp:Shooting API, l_gamma_d: [19423.85471832 14122.67210893]
INFO:packaged_shooting._model_ivp:shooting converged. l2loss: 1.6006e-02, zero_eq: 9.9299e+00, zero_eq/P: 2.7583e-06
DEBUG:packaged_shooting._model_ivp:Shooting API, l_gamma_d: [16415.1034636  18492.96463281]
INFO:packaged_shooting._model_ivp:shooting converged. l2loss: 1.5694e-02, zero_eq: -1.9375e+00, zero_eq/P: -5.3819e-07
DEBUG:packaged_shooting._model_ivp:Shooting API, l_gamma_d: [12760.53102079 17967.4615747 ]
INFO:packaged_shooting._model_ivp:shooting converged. l2loss: 1.1389e-02, zero_eq: -3.3575e+00, zero_eq/P: -9.3263e-07
DEBUG:packaged_shooting._model_ivp:Shooting API, l_gamma_d: [16073.90090965 15658.18655461]
INFO:packaged_shooting._model_ivp:shooting converged. l2loss: 1.5322e-02, zero_eq: 2.3832e+01, zero_eq/P: 6.6200e-06
DEBUG:packaged_shooting._model_ivp:Shooting API, l_gamma_d: [17863.45330822 14767.8243491 ]
INFO:packaged_shooting._model_ivp:shooting converged. l2loss: 1.6560e-02, zero_eq: 9.4690e+00, zero_eq/P: 2.6303e-06
DEBUG:packaged_shooting._model_ivp:Shooting API, l_gamma_d: [15116.81390335 18719.22597207]
INFO:packaged_shooting._model_ivp:shooting converged. l2loss: 1.4254e-02, zero_eq: 1.4815e+01, zero_eq/P: 4.1152e-06
DEBUG:packaged_shooting._model_ivp:Shooting API, l_gamma_d: [11372.95989658 18954.47176936]
INFO:packaged_shooting._model_ivp:shooting converged. l2loss: 9.7965e-03, zero_eq: -2.9923e+00, zero_eq/P: -8.3121e-07
DEBUG:packaged_shooting._model_ivp:Shooting API, l_gamma_d: [10864.83899722 18946.25533856]
INFO:packaged_shooting._model_ivp:shooting converged. l2loss: 9.6328e-03, zero_eq: -1.2114e-01, zero_eq/P: -3.3650e-08
DEBUG:packaged_shooting._model_ivp:Shooting API, l_gamma_d: [12979.82929832 23938.73206709]
INFO:packaged_shooting._model_ivp:shooting converged. l2loss: 1.1708e-02, zero_eq: -2.9704e+01, zero_eq/P: -8.2512e-06
DEBUG:packaged_shooting._model_ivp:Shooting API, l_gamma_d: [13158.82436854 19342.03607387]
INFO:packaged_shooting._model_ivp:shooting converged. l2loss: 1.1802e-02, zero_eq: 3.8919e+00, zero_eq/P: 1.0811e-06
DEBUG:packaged_shooting._model_ivp:Shooting API, l_gamma_d: [12957.56456923 26160.70514874]
INFO:packaged_shooting._model_ivp:shooting converged. l2loss: 1.2016e-02, zero_eq: 4.5709e-01, zero_eq/P: 1.2697e-07
DEBUG:packaged_shooting._model_ivp:Shooting API, l_gamma_d: [17439.51739322 18529.65186782]
INFO:packaged_shooting._model_ivp:shooting converged. l2loss: 1.6937e-02, zero_eq: -4.4068e+00, zero_eq/P: -1.2241e-06
DEBUG:packaged_shooting._model_ivp:Shooting API, l_gamma_d: [14261.01762338 20958.69705342]
INFO:packaged_shooting._model_ivp:shooting converged. l2loss: 1.3282e-02, zero_eq: -2.7166e+00, zero_eq/P: -7.5462e-07
DEBUG:packaged_shooting._model_ivp:Shooting API, l_gamma_d: [12263.5624285  17836.48437813]
INFO:packaged_shooting._model_ivp:shooting converged. l2loss: 1.0802e-02, zero_eq: 1.8183e+01, zero_eq/P: 5.0508e-06
DEBUG:packaged_shooting._model_ivp:Shooting API, l_gamma_d: [12743.4437887  23885.76093282]
INFO:packaged_shooting._model_ivp:shooting converged. l2loss: 1.1892e-02, zero_eq: -2.7530e+00, zero_eq/P: -7.6473e-07
DEBUG:packaged_shooting._model_ivp:Shooting API, l_gamma_d: [18053.65241757 24677.59077323]
INFO:packaged_shooting._model_ivp:shooting converged. l2loss: 1.6344e-02, zero_eq: -1.1857e+01, zero_eq/P: -3.2936e-06
DEBUG:packaged_shooting._model_ivp:Shooting API, l_gamma_d: [12470.07477926 22167.22186156]
INFO:packaged_shooting._model_ivp:shooting converged. l2loss: 1.1058e-02, zero_eq: 2.0045e+01, zero_eq/P: 5.5680e-06
DEBUG:packaged_shooting._model_ivp:Shooting API, l_gamma_d: [14717.58779968 14793.27587921]
INFO:packaged_shooting._model_ivp:shooting converged. l2loss: 1.3644e-02, zero_eq: -4.2408e+00, zero_eq/P: -1.1780e-06
DEBUG:packaged_shooting._model_ivp:Shooting API, l_gamma_d: [ 9259.9152511  15782.95747786]
INFO:packaged_shooting._model_ivp:shooting converged. l2loss: 7.7320e-03, zero_eq: 1.2032e-01, zero_eq/P: 3.3421e-08
DEBUG:packaged_shooting._model_ivp:Shooting API, l_gamma_d: [17236.32905151 17714.91252248]
INFO:packaged_shooting._model_ivp:shooting converged. l2loss: 1.6993e-02, zero_eq: 8.8295e-01, zero_eq/P: 2.4526e-07
DEBUG:packaged_shooting._model_ivp:Shooting API, l_gamma_d: [13110.18142422 22626.66229018]
INFO:packaged_shooting._model_ivp:shooting converged. l2loss: 1.1730e-02, zero_eq: 3.0190e+01, zero_eq/P: 8.3860e-06
DEBUG:packaged_shooting._model_ivp:Shooting API, l_gamma_d: [10114.87882807 17241.10997174]
INFO:packaged_shooting._model_ivp:shooting converged. l2loss: 8.4869e-03, zero_eq: -2.5208e+00, zero_eq/P: -7.0022e-07
DEBUG:packaged_shooting._model_ivp:Shooting API, l_gamma_d: [12966.92225027 15467.22475553]
INFO:packaged_shooting._model_ivp:shooting converged. l2loss: 1.1668e-02, zero_eq: 1.1843e+01, zero_eq/P: 3.2897e-06
DEBUG:packaged_shooting._model_ivp:Shooting API, l_gamma_d: [14813.53442948 17975.49987494]
INFO:packaged_shooting._model_ivp:shooting converged. l2loss: 1.3896e-02, zero_eq: 4.5213e+00, zero_eq/P: 1.2559e-06
DEBUG:packaged_shooting._model_ivp:Shooting API, l_gamma_d: [18605.37548914 14776.27071572]
INFO:packaged_shooting._model_ivp:shooting converged. l2loss: 1.5976e-02, zero_eq: 7.0109e+00, zero_eq/P: 1.9475e-06
DEBUG:packaged_shooting._model_ivp:Shooting API, l_gamma_d: [14235.2202914 14782.8557941]
INFO:packaged_shooting._model_ivp:shooting converged. l2loss: 1.3102e-02, zero_eq: 4.9320e+00, zero_eq/P: 1.3700e-06
DEBUG:packaged_shooting._model_ivp:Shooting API, l_gamma_d: [ 9491.50783341 18031.90648813]
INFO:packaged_shooting._model_ivp:shooting converged. l2loss: 7.7201e-03, zero_eq: 1.7987e+00, zero_eq/P: 4.9964e-07
DEBUG:packaged_shooting._model_ivp:Shooting API, l_gamma_d: [15845.85452108 20871.80221808]
INFO:packaged_shooting._model_ivp:shooting converged. l2loss: 1.5031e-02, zero_eq: -5.7584e+00, zero_eq/P: -1.5995e-06
DEBUG:packaged_shooting._model_ivp:Shooting API, l_gamma_d: [17983.95480448 18775.17391177]
INFO:packaged_shooting._model_ivp:shooting converged. l2loss: 1.6407e-02, zero_eq: 3.8007e+00, zero_eq/P: 1.0557e-06
DEBUG:packaged_shooting._model_ivp:Shooting API, l_gamma_d: [12988.7506909  17829.12700302]
INFO:packaged_shooting._model_ivp:shooting converged. l2loss: 1.1619e-02, zero_eq: 1.4327e+02, zero_eq/P: 3.9797e-05
DEBUG:packaged_shooting._model_ivp:Shooting API, l_gamma_d: [12306.61762031 16212.54685211]
INFO:packaged_shooting._model_ivp:shooting converged. l2loss: 1.0926e-02, zero_eq: -6.2878e+00, zero_eq/P: -1.7466e-06
DEBUG:packaged_shooting._model_ivp:Shooting API, l_gamma_d: [14898.19997223 21686.62654524]
INFO:packaged_shooting._model_ivp:shooting converged. l2loss: 1.3863e-02, zero_eq: 1.8896e+01, zero_eq/P: 5.2488e-06
DEBUG:packaged_shooting._model_ivp:Shooting API, l_gamma_d: [12854.8507035  13418.73672855]
INFO:packaged_shooting._model_ivp:shooting converged. l2loss: 1.1807e-02, zero_eq: 1.0639e+00, zero_eq/P: 2.9553e-07
DEBUG:packaged_shooting._model_ivp:Shooting API, l_gamma_d: [ 7667.48607655 18084.09022401]
INFO:packaged_shooting._model_ivp:shooting converged. l2loss: 5.5091e-03, zero_eq: -4.5760e-01, zero_eq/P: -1.2711e-07
DEBUG:packaged_shooting._model_ivp:Shooting API, l_gamma_d: [14006.62914402 12624.60251247]
INFO:packaged_shooting._model_ivp:shooting converged. l2loss: 1.2986e-02, zero_eq: 3.0402e-01, zero_eq/P: 8.4450e-08
DEBUG:packaged_shooting._model_ivp:Shooting API, l_gamma_d: [18576.37877608 18778.56038168]
INFO:packaged_shooting._model_ivp:shooting converged. l2loss: 1.6001e-02, zero_eq: -2.1148e+02, zero_eq/P: -5.8745e-05
DEBUG:packaged_shooting._model_ivp:Shooting API, l_gamma_d: [12470.53305625 21996.83644484]
INFO:packaged_shooting._model_ivp:shooting converged. l2loss: 1.1066e-02, zero_eq: 1.6820e+02, zero_eq/P: 4.6722e-05
DEBUG:packaged_shooting._model_ivp:Shooting API, l_gamma_d: [22844.7645116  14053.35571158]
INFO:packaged_shooting._model_ivp:shooting converged. l2loss: 1.6042e-02, zero_eq: -9.7635e+02, zero_eq/P: -2.7121e-04
DEBUG:packaged_shooting._model_ivp:Shooting API, l_gamma_d: [15767.79995384 11903.75720222]
INFO:packaged_shooting._model_ivp:shooting converged. l2loss: 1.4902e-02, zero_eq: 3.0762e+00, zero_eq/P: 8.5450e-07
DEBUG:packaged_shooting._model_ivp:Shooting API, l_gamma_d: [14009.1286255  18623.14854315]
INFO:packaged_shooting._model_ivp:shooting converged. l2loss: 1.2865e-02, zero_eq: 8.0552e+00, zero_eq/P: 2.2376e-06
DEBUG:packaged_shooting._model_ivp:Shooting API, l_gamma_d: [14283.90270884 22808.11711457]
INFO:packaged_shooting._model_ivp:shooting converged. l2loss: 1.3209e-02, zero_eq: 1.8580e+01, zero_eq/P: 5.1610e-06
DEBUG:packaged_shooting._model_ivp:Shooting API, l_gamma_d: [16483.36883806 20635.23392638]
INFO:packaged_shooting._model_ivp:shooting converged. l2loss: 1.5924e-02, zero_eq: -1.0173e+01, zero_eq/P: -2.8257e-06
DEBUG:packaged_shooting._model_ivp:Shooting API, l_gamma_d: [15423.27574291 19548.22942056]
INFO:packaged_shooting._model_ivp:shooting converged. l2loss: 1.4506e-02, zero_eq: -1.0813e+02, zero_eq/P: -3.0035e-05
DEBUG:packaged_shooting._model_ivp:Shooting API, l_gamma_d: [10643.76237289 26346.14187818]
INFO:packaged_shooting._model_ivp:shooting converged. l2loss: 1.0256e-02, zero_eq: 1.0508e+01, zero_eq/P: 2.9188e-06
DEBUG:packaged_shooting._model_ivp:Shooting API, l_gamma_d: [14839.83376762 20763.20543088]
INFO:packaged_shooting._model_ivp:shooting converged. l2loss: 1.3807e-02, zero_eq: 1.2288e+01, zero_eq/P: 3.4134e-06
DEBUG:packaged_shooting._model_ivp:Shooting API, l_gamma_d: [13377.01875065 16728.31577814]
INFO:packaged_shooting._model_ivp:shooting converged. l2loss: 1.2114e-02, zero_eq: 2.2526e-01, zero_eq/P: 6.2573e-08
DEBUG:packaged_shooting._model_ivp:Shooting API, l_gamma_d: [15051.56142046 21167.84279846]
INFO:packaged_shooting._model_ivp:shooting converged. l2loss: 1.4101e-02, zero_eq: -1.6158e+00, zero_eq/P: -4.4883e-07
DEBUG:packaged_shooting._model_ivp:Shooting API, l_gamma_d: [13639.47443789 15601.70704662]
INFO:packaged_shooting._model_ivp:shooting converged. l2loss: 1.2413e-02, zero_eq: 4.9245e+00, zero_eq/P: 1.3679e-06
DEBUG:packaged_shooting._model_ivp:Shooting API, l_gamma_d: [15294.57286403 20914.60080431]
INFO:packaged_shooting._model_ivp:shooting converged. l2loss: 1.4733e-02, zero_eq: -2.9630e+01, zero_eq/P: -8.2306e-06
DEBUG:packaged_shooting._model_ivp:Shooting API, l_gamma_d: [14097.59261383 19624.25725793]
INFO:packaged_shooting._model_ivp:shooting converged. l2loss: 1.2980e-02, zero_eq: -9.0766e-01, zero_eq/P: -2.5213e-07
DEBUG:packaged_shooting._model_ivp:Shooting API, l_gamma_d: [15000. 17000.]
INFO:packaged_shooting._model_ivp:shooting converged. l2loss: 1.3561e-02, zero_eq: 5.5293e-01, zero_eq/P: 8.9182e-08
DEBUG:packaged_shooting._model_ivp:Shooting API, l_gamma_d: [15000. 17000.]
INFO:packaged_shooting._model_ivp:shooting converged. l2loss: 1.3561e-02, zero_eq: 5.5293e-01, zero_eq/P: 8.9182e-08
DEBUG:filelock:Attempting to acquire lock 2876776540320 on C:\Users\gregk\AppData\Local\PyTensor\compiledir_Windows-11-10.0.26100-SP0-Intel64_Family_6_Model_140_Stepping_1_GenuineIntel-3.12.3-64\.lock
DEBUG:filelock:Lock 2876776540320 acquired on C:\Users\gregk\AppData\Local\PyTensor\compiledir_Windows-11-10.0.26100-SP0-Intel64_Family_6_Model_140_Stepping_1_GenuineIntel-3.12.3-64\.lock
DEBUG:filelock:Attempting to release lock 2876776540320 on C:\Users\gregk\AppData\Local\PyTensor\compiledir_Windows-11-10.0.26100-SP0-Intel64_Family_6_Model_140_Stepping_1_GenuineIntel-3.12.3-64\.lock
DEBUG:filelock:Lock 2876776540320 released on C:\Users\gregk\AppData\Local\PyTensor\compiledir_Windows-11-10.0.26100-SP0-Intel64_Family_6_Model_140_Stepping_1_GenuineIntel-3.12.3-64\.lock
DEBUG:packaged_shooting._model_ivp:Shooting API, l_gamma_d: l_gamma_d
DEBUG:packaged_shooting._model_ivp:Shooting API, l_gamma_d: [14500. 18000.]
INFO:packaged_shooting._model_ivp:shooting converged. l2loss: 1.3044e-02, zero_eq: 1.6172e-01, zero_eq/P: 2.6084e-08
DEBUG:packaged_shooting._model_ivp:Shooting API, l_gamma_d: [15000 17000]
INFO:packaged_shooting._model_ivp:shooting converged. l2loss: 1.3561e-02, zero_eq: 5.5293e-01, zero_eq/P: 8.9182e-08
INFO:pymc.sampling.forward:Sampling: [l_gamma_d, likelihood]
DEBUG:packaged_shooting._model_ivp:Shooting API, l_gamma_d: [12808.1292533  14906.74475826]
