DEBUG:filelock:Attempting to acquire lock 2936061190384 on C:\Users\gregk\AppData\Local\PyTensor\compiledir_Windows-11-10.0.26100-SP0-Intel64_Family_6_Model_140_Stepping_1_GenuineIntel-3.12.3-64\.lock
DEBUG:filelock:Lock 2936061190384 acquired on C:\Users\gregk\AppData\Local\PyTensor\compiledir_Windows-11-10.0.26100-SP0-Intel64_Family_6_Model_140_Stepping_1_GenuineIntel-3.12.3-64\.lock
DEBUG:filelock:Attempting to release lock 2936061190384 on C:\Users\gregk\AppData\Local\PyTensor\compiledir_Windows-11-10.0.26100-SP0-Intel64_Family_6_Model_140_Stepping_1_GenuineIntel-3.12.3-64\.lock
DEBUG:filelock:Lock 2936061190384 released on C:\Users\gregk\AppData\Local\PyTensor\compiledir_Windows-11-10.0.26100-SP0-Intel64_Family_6_Model_140_Stepping_1_GenuineIntel-3.12.3-64\.lock
DEBUG:filelock:Attempting to acquire lock 2455935870560 on C:\Users\gregk\AppData\Local\PyTensor\compiledir_Windows-11-10.0.26100-SP0-Intel64_Family_6_Model_140_Stepping_1_GenuineIntel-3.12.3-64\.lock
DEBUG:filelock:Lock 2455935870560 acquired on C:\Users\gregk\AppData\Local\PyTensor\compiledir_Windows-11-10.0.26100-SP0-Intel64_Family_6_Model_140_Stepping_1_GenuineIntel-3.12.3-64\.lock
DEBUG:filelock:Attempting to acquire lock 2164589421024 on C:\Users\gregk\AppData\Local\PyTensor\compiledir_Windows-11-10.0.26100-SP0-Intel64_Family_6_Model_140_Stepping_1_GenuineIntel-3.12.3-64\.lock
DEBUG:filelock:Lock 2164589421024 not acquired on C:\Users\gregk\AppData\Local\PyTensor\compiledir_Windows-11-10.0.26100-SP0-Intel64_Family_6_Model_140_Stepping_1_GenuineIntel-3.12.3-64\.lock, waiting 0.05 seconds ...
DEBUG:filelock:Attempting to acquire lock 2164589421024 on C:\Users\gregk\AppData\Local\PyTensor\compiledir_Windows-11-10.0.26100-SP0-Intel64_Family_6_Model_140_Stepping_1_GenuineIntel-3.12.3-64\.lock
DEBUG:filelock:Lock 2164589421024 not acquired on C:\Users\gregk\AppData\Local\PyTensor\compiledir_Windows-11-10.0.26100-SP0-Intel64_Family_6_Model_140_Stepping_1_GenuineIntel-3.12.3-64\.lock, waiting 0.05 seconds ...
DEBUG:filelock:Attempting to acquire lock 2164589421024 on C:\Users\gregk\AppData\Local\PyTensor\compiledir_Windows-11-10.0.26100-SP0-Intel64_Family_6_Model_140_Stepping_1_GenuineIntel-3.12.3-64\.lock
DEBUG:filelock:Lock 2164589421024 not acquired on C:\Users\gregk\AppData\Local\PyTensor\compiledir_Windows-11-10.0.26100-SP0-Intel64_Family_6_Model_140_Stepping_1_GenuineIntel-3.12.3-64\.lock, waiting 0.05 seconds ...
DEBUG:filelock:Attempting to acquire lock 2164589421024 on C:\Users\gregk\AppData\Local\PyTensor\compiledir_Windows-11-10.0.26100-SP0-Intel64_Family_6_Model_140_Stepping_1_GenuineIntel-3.12.3-64\.lock
DEBUG:filelock:Lock 2164589421024 not acquired on C:\Users\gregk\AppData\Local\PyTensor\compiledir_Windows-11-10.0.26100-SP0-Intel64_Family_6_Model_140_Stepping_1_GenuineIntel-3.12.3-64\.lock, waiting 0.05 seconds ...
DEBUG:filelock:Attempting to acquire lock 2164589421024 on C:\Users\gregk\AppData\Local\PyTensor\compiledir_Windows-11-10.0.26100-SP0-Intel64_Family_6_Model_140_Stepping_1_GenuineIntel-3.12.3-64\.lock
DEBUG:filelock:Lock 2164589421024 not acquired on C:\Users\gregk\AppData\Local\PyTensor\compiledir_Windows-11-10.0.26100-SP0-Intel64_Family_6_Model_140_Stepping_1_GenuineIntel-3.12.3-64\.lock, waiting 0.05 seconds ...
DEBUG:filelock:Attempting to release lock 2455935870560 on C:\Users\gregk\AppData\Local\PyTensor\compiledir_Windows-11-10.0.26100-SP0-Intel64_Family_6_Model_140_Stepping_1_GenuineIntel-3.12.3-64\.lock
DEBUG:filelock:Lock 2455935870560 released on C:\Users\gregk\AppData\Local\PyTensor\compiledir_Windows-11-10.0.26100-SP0-Intel64_Family_6_Model_140_Stepping_1_GenuineIntel-3.12.3-64\.lock
DEBUG:filelock:Attempting to acquire lock 2164589421024 on C:\Users\gregk\AppData\Local\PyTensor\compiledir_Windows-11-10.0.26100-SP0-Intel64_Family_6_Model_140_Stepping_1_GenuineIntel-3.12.3-64\.lock
DEBUG:filelock:Lock 2164589421024 not acquired on C:\Users\gregk\AppData\Local\PyTensor\compiledir_Windows-11-10.0.26100-SP0-Intel64_Family_6_Model_140_Stepping_1_GenuineIntel-3.12.3-64\.lock, waiting 0.05 seconds ...
DEBUG:filelock:Attempting to acquire lock 2164589421024 on C:\Users\gregk\AppData\Local\PyTensor\compiledir_Windows-11-10.0.26100-SP0-Intel64_Family_6_Model_140_Stepping_1_GenuineIntel-3.12.3-64\.lock
DEBUG:filelock:Lock 2164589421024 not acquired on C:\Users\gregk\AppData\Local\PyTensor\compiledir_Windows-11-10.0.26100-SP0-Intel64_Family_6_Model_140_Stepping_1_GenuineIntel-3.12.3-64\.lock, waiting 0.05 seconds ...
DEBUG:filelock:Attempting to acquire lock 2164589421024 on C:\Users\gregk\AppData\Local\PyTensor\compiledir_Windows-11-10.0.26100-SP0-Intel64_Family_6_Model_140_Stepping_1_GenuineIntel-3.12.3-64\.lock
DEBUG:filelock:Lock 2164589421024 not acquired on C:\Users\gregk\AppData\Local\PyTensor\compiledir_Windows-11-10.0.26100-SP0-Intel64_Family_6_Model_140_Stepping_1_GenuineIntel-3.12.3-64\.lock, waiting 0.05 seconds ...
DEBUG:filelock:Attempting to acquire lock 2164589421024 on C:\Users\gregk\AppData\Local\PyTensor\compiledir_Windows-11-10.0.26100-SP0-Intel64_Family_6_Model_140_Stepping_1_GenuineIntel-3.12.3-64\.lock
DEBUG:filelock:Lock 2164589421024 not acquired on C:\Users\gregk\AppData\Local\PyTensor\compiledir_Windows-11-10.0.26100-SP0-Intel64_Family_6_Model_140_Stepping_1_GenuineIntel-3.12.3-64\.lock, waiting 0.05 seconds ...
DEBUG:filelock:Attempting to acquire lock 2164589421024 on C:\Users\gregk\AppData\Local\PyTensor\compiledir_Windows-11-10.0.26100-SP0-Intel64_Family_6_Model_140_Stepping_1_GenuineIntel-3.12.3-64\.lock
DEBUG:filelock:Lock 2164589421024 not acquired on C:\Users\gregk\AppData\Local\PyTensor\compiledir_Windows-11-10.0.26100-SP0-Intel64_Family_6_Model_140_Stepping_1_GenuineIntel-3.12.3-64\.lock, waiting 0.05 seconds ...
DEBUG:filelock:Attempting to acquire lock 2164589421024 on C:\Users\gregk\AppData\Local\PyTensor\compiledir_Windows-11-10.0.26100-SP0-Intel64_Family_6_Model_140_Stepping_1_GenuineIntel-3.12.3-64\.lock
DEBUG:filelock:Lock 2164589421024 not acquired on C:\Users\gregk\AppData\Local\PyTensor\compiledir_Windows-11-10.0.26100-SP0-Intel64_Family_6_Model_140_Stepping_1_GenuineIntel-3.12.3-64\.lock, waiting 0.05 seconds ...
DEBUG:filelock:Attempting to acquire lock 2164589421024 on C:\Users\gregk\AppData\Local\PyTensor\compiledir_Windows-11-10.0.26100-SP0-Intel64_Family_6_Model_140_Stepping_1_GenuineIntel-3.12.3-64\.lock
DEBUG:filelock:Lock 2164589421024 acquired on C:\Users\gregk\AppData\Local\PyTensor\compiledir_Windows-11-10.0.26100-SP0-Intel64_Family_6_Model_140_Stepping_1_GenuineIntel-3.12.3-64\.lock
DEBUG:filelock:Attempting to release lock 2164589421024 on C:\Users\gregk\AppData\Local\PyTensor\compiledir_Windows-11-10.0.26100-SP0-Intel64_Family_6_Model_140_Stepping_1_GenuineIntel-3.12.3-64\.lock
DEBUG:filelock:Lock 2164589421024 released on C:\Users\gregk\AppData\Local\PyTensor\compiledir_Windows-11-10.0.26100-SP0-Intel64_Family_6_Model_140_Stepping_1_GenuineIntel-3.12.3-64\.lock
DEBUG:filelock:Attempting to acquire lock 2935869692368 on C:\Users\gregk\AppData\Local\PyTensor\compiledir_Windows-11-10.0.26100-SP0-Intel64_Family_6_Model_140_Stepping_1_GenuineIntel-3.12.3-64\.lock
DEBUG:filelock:Attempting to acquire lock 2455744043472 on C:\Users\gregk\AppData\Local\PyTensor\compiledir_Windows-11-10.0.26100-SP0-Intel64_Family_6_Model_140_Stepping_1_GenuineIntel-3.12.3-64\.lock
DEBUG:filelock:Lock 2164397005264 not acquired on C:\Users\gregk\AppData\Local\PyTensor\compiledir_Windows-11-10.0.26100-SP0-Intel64_Family_6_Model_140_Stepping_1_GenuineIntel-3.12.3-64\.lock, waiting 0.05 seconds ...
DEBUG:filelock:Lock 2935869692368 not acquired on C:\Users\gregk\AppData\Local\PyTensor\compiledir_Windows-11-10.0.26100-SP0-Intel64_Family_6_Model_140_Stepping_1_GenuineIntel-3.12.3-64\.lock, waiting 0.05 seconds ...
DEBUG:filelock:Lock 2455744043472 not acquired on C:\Users\gregk\AppData\Local\PyTensor\compiledir_Windows-11-10.0.26100-SP0-Intel64_Family_6_Model_140_Stepping_1_GenuineIntel-3.12.3-64\.lock, waiting 0.05 seconds ...
DEBUG:filelock:Attempting to acquire lock 2935869692368 on C:\Users\gregk\AppData\Local\PyTensor\compiledir_Windows-11-10.0.26100-SP0-Intel64_Family_6_Model_140_Stepping_1_GenuineIntel-3.12.3-64\.lock
DEBUG:filelock:Attempting to acquire lock 2455744043472 on C:\Users\gregk\AppData\Local\PyTensor\compiledir_Windows-11-10.0.26100-SP0-Intel64_Family_6_Model_140_Stepping_1_GenuineIntel-3.12.3-64\.lock
DEBUG:filelock:Lock 2935869692368 acquired on C:\Users\gregk\AppData\Local\PyTensor\compiledir_Windows-11-10.0.26100-SP0-Intel64_Family_6_Model_140_Stepping_1_GenuineIntel-3.12.3-64\.lock
DEBUG:filelock:Lock 2164397005264 not acquired on C:\Users\gregk\AppData\Local\PyTensor\compiledir_Windows-11-10.0.26100-SP0-Intel64_Family_6_Model_140_Stepping_1_GenuineIntel-3.12.3-64\.lock, waiting 0.05 seconds ...
DEBUG:filelock:Lock 2455744043472 not acquired on C:\Users\gregk\AppData\Local\PyTensor\compiledir_Windows-11-10.0.26100-SP0-Intel64_Family_6_Model_140_Stepping_1_GenuineIntel-3.12.3-64\.lock, waiting 0.05 seconds ...
DEBUG:filelock:Attempting to release lock 2935869692368 on C:\Users\gregk\AppData\Local\PyTensor\compiledir_Windows-11-10.0.26100-SP0-Intel64_Family_6_Model_140_Stepping_1_GenuineIntel-3.12.3-64\.lock
DEBUG:filelock:Lock 2935869692368 released on C:\Users\gregk\AppData\Local\PyTensor\compiledir_Windows-11-10.0.26100-SP0-Intel64_Family_6_Model_140_Stepping_1_GenuineIntel-3.12.3-64\.lock
DEBUG:filelock:Attempting to acquire lock 2164397005264 on C:\Users\gregk\AppData\Local\PyTensor\compiledir_Windows-11-10.0.26100-SP0-Intel64_Family_6_Model_140_Stepping_1_GenuineIntel-3.12.3-64\.lock
DEBUG:filelock:Lock 2164397005264 acquired on C:\Users\gregk\AppData\Local\PyTensor\compiledir_Windows-11-10.0.26100-SP0-Intel64_Family_6_Model_140_Stepping_1_GenuineIntel-3.12.3-64\.lock
DEBUG:filelock:Attempting to acquire lock 2455744043472 on C:\Users\gregk\AppData\Local\PyTensor\compiledir_Windows-11-10.0.26100-SP0-Intel64_Family_6_Model_140_Stepping_1_GenuineIntel-3.12.3-64\.lock
DEBUG:filelock:Lock 2455744043472 not acquired on C:\Users\gregk\AppData\Local\PyTensor\compiledir_Windows-11-10.0.26100-SP0-Intel64_Family_6_Model_140_Stepping_1_GenuineIntel-3.12.3-64\.lock, waiting 0.05 seconds ...
DEBUG:filelock:Attempting to release lock 2164397005264 on C:\Users\gregk\AppData\Local\PyTensor\compiledir_Windows-11-10.0.26100-SP0-Intel64_Family_6_Model_140_Stepping_1_GenuineIntel-3.12.3-64\.lock
DEBUG:filelock:Lock 2164397005264 released on C:\Users\gregk\AppData\Local\PyTensor\compiledir_Windows-11-10.0.26100-SP0-Intel64_Family_6_Model_140_Stepping_1_GenuineIntel-3.12.3-64\.lock
DEBUG:filelock:Attempting to acquire lock 2455744043472 on C:\Users\gregk\AppData\Local\PyTensor\compiledir_Windows-11-10.0.26100-SP0-Intel64_Family_6_Model_140_Stepping_1_GenuineIntel-3.12.3-64\.lock
DEBUG:filelock:Lock 2455744043472 acquired on C:\Users\gregk\AppData\Local\PyTensor\compiledir_Windows-11-10.0.26100-SP0-Intel64_Family_6_Model_140_Stepping_1_GenuineIntel-3.12.3-64\.lock
DEBUG:filelock:Attempting to release lock 2455744043472 on C:\Users\gregk\AppData\Local\PyTensor\compiledir_Windows-11-10.0.26100-SP0-Intel64_Family_6_Model_140_Stepping_1_GenuineIntel-3.12.3-64\.lock
DEBUG:filelock:Lock 2455744043472 released on C:\Users\gregk\AppData\Local\PyTensor\compiledir_Windows-11-10.0.26100-SP0-Intel64_Family_6_Model_140_Stepping_1_GenuineIntel-3.12.3-64\.lock
